
> wf-client@0.1.0 build
> npx craco build

Shared package path: /home/paul/wf-monorepo-new/packages/shared-imports
Node modules shared path: /home/paul/wf-monorepo-new/apps/wf-client/node_modules/@whatsfresh/shared-imports
Test file would be included: true
Added high-priority babel rule for shared-imports package
Total module rules: 2
Creating an optimized production build...
Compiled successfully.

File sizes after gzip:

  367.13 kB  build/static/js/main.a879f836.js
  2.64 kB    build/static/js/784.4487d687.chunk.js
  1.8 kB     build/static/js/891.9f731c51.chunk.js
  874 B      build/static/js/123.e429f303.chunk.js
  819 B      build/static/js/20.e8207c9c.chunk.js
  761 B      build/static/js/196.3f7eb4b4.chunk.js
  676 B      build/static/js/878.9cd0741f.chunk.js
  674 B      build/static/js/873.47fc4007.chunk.js
  649 B      build/static/js/835.929cf22b.chunk.js
  619 B      build/static/js/798.d3cd4f40.chunk.js
  574 B      build/static/js/514.d9d20bd8.chunk.js
  567 B      build/static/js/73.ba280391.chunk.js
  545 B      build/static/js/966.b2db17d7.chunk.js
  537 B      build/static/js/414.16fb942b.chunk.js
  510 B      build/static/js/385.d78749c7.chunk.js
  497 B      build/static/js/224.b6c5bb88.chunk.js
  225 B      build/static/css/main.4efb37a3.css

The project was built assuming it is hosted at /.
You can control this with the homepage field in your package.json.

The build folder is ready to be deployed.
You may serve it with a static server:

  npm install -g serve
  serve -s build

Find out more about deployment here:

  https://cra.link/deployment

