{"level":"debug","message":"[dbManager.js] Database connected: health check passed","timestamp":"2025-07-03 00:29:24"}
{"level":"info","message":"Log file rotated","newFilename":"/app/server/logs/application-2025-07-03.log","oldFilename":"/app/server/logs/application-2025-07-02.log","timestamp":"2025-07-03 00:29:24"}
{"level":"debug","message":"[dbManager.js] Database connected: health check passed","timestamp":"2025-07-03 01:29:27"}
{"level":"debug","message":"[dbManager.js] Database connected: health check passed","timestamp":"2025-07-03 02:29:30"}
{"level":"debug","message":"[dbManager.js] Database connected: health check passed","timestamp":"2025-07-03 04:00:15"}
{"level":"debug","message":"[dbManager.js] Database connected: health check passed","timestamp":"2025-07-03 05:00:17"}
{"level":"debug","message":"[dbManager.js] Database connected: health check passed","timestamp":"2025-07-03 06:00:20"}
{"level":"debug","message":"[dbManager.js] Database connected: health check passed","timestamp":"2025-07-03 09:24:51"}
{"level":"debug","message":"[dbManager.js] Database connected: health check passed","timestamp":"2025-07-03 10:42:47"}
{"level":"debug","message":"[dbManager.js] Database connected: health check passed","timestamp":"2025-07-03 11:42:54"}
{"level":"info","message":"[server.js] SIGTERM received, shutting down gracefully","timestamp":"2025-07-03 12:13:38"}
{"level":"info","message":"[app.js]  Application initialized","timestamp":"2025-07-03 12:14:14"}
{"level":"info","message":"[dbManager.js] Database connection test successful","timestamp":"2025-07-03 12:14:15"}
{"level":"info","message":"[server.js] Initializing routes","timestamp":"2025-07-03 12:14:15"}
{"level":"debug","message":"[index.js]  Initializing routes","timestamp":"2025-07-03 12:14:15"}
{"level":"info","message":"[registerRoutes.js] Started registering routes","timestamp":"2025-07-03 12:14:15"}
{"0":"POST /api/execEventType","1":"POST /api/initialize","2":"GET /api/util/list-routes","3":"POST /api/util/restart-server","4":"GET /api/util/fetchEventTypes","5":"POST /api/auth/login","6":"GET /api/util/event-types-status","level":"info","message":"[registerRoutes.js] Routes registered:","timestamp":"2025-07-03 12:14:15"}
{"level":"info","message":"[registerRoutes.js] Routes setup complete","timestamp":"2025-07-03 12:14:15"}
{"level":"debug","message":"[index.js]  Routes initialized","timestamp":"2025-07-03 12:14:15"}
{"level":"info","message":"[server.js] Routes initialized","timestamp":"2025-07-03 12:14:15"}
{"level":"info","message":"[server.js] Starting server on port 3001","timestamp":"2025-07-03 12:14:15"}
{"level":"info","message":"[server.js] Server timeouts configured: keepAlive=5s, headers=6s","timestamp":"2025-07-03 12:14:15"}
{"level":"info","message":"[server.js] Server is running on http://localhost:3001","timestamp":"2025-07-03 12:14:15"}
{"level":"debug","message":"[dbManager.js] Database connected: health check passed","timestamp":"2025-07-03 12:29:16"}
