{"level":"debug","message":"[dbManager.js] Database connected: health check passed","timestamp":"2025-09-30 03:50:26"}
{"level":"info","message":"Log file rotated","newFilename":"/home/paul/wf-monorepo-new/apps/wf-server/server/logs/application-2025-09-30.log","oldFilename":"/home/paul/wf-monorepo-new/apps/wf-server/server/logs/application-2025-09-29.log","timestamp":"2025-09-30 03:50:26"}
{"level":"debug","message":"[dbManager.js] Database connected: health check passed","timestamp":"2025-09-30 08:30:50"}
{"body":{"pageID":49},"contentType":"application/json","level":"http","message":"[app.js]  Request","method":"POST","path":"/api/genPageConfig","timestamp":"2025-09-30 09:07:45"}
{"level":"http","message":"[genPageConfigController.js] POST /api/genPageConfig","timestamp":"2025-09-30 09:07:45"}
{"level":"debug","message":"[genPageConfigController.js] Generating pageConfig for pageID: 49","timestamp":"2025-09-30 09:07:45"}
{"level":"debug","message":"[database-genPageConfig.js] Generating pageConfig for page xref ID: 49","timestamp":"2025-09-30 09:07:45"}
{"level":"debug","message":"[dbUtils.js] Executing GET query: ********","timestamp":"2025-09-30 09:07:46"}
{"level":"debug","message":"[dbUtils.js] Handling GET-specific logic","timestamp":"2025-09-30 09:07:46"}
{"level":"info","message":"[dbUtils.js] Query executed, rows fetched: 2","timestamp":"2025-09-30 09:07:46"}
{"level":"info","message":"Performance measurement for database_query","performance":{"duration":1535.738314,"method":"GET","operation":"database_query","rowCount":2,"success":true},"timestamp":"2025-09-30 09:07:46"}
{"level":"debug","message":"[dbUtils.js] Connection released","timestamp":"2025-09-30 09:07:46"}
{"level":"debug","message":"[database-genPageConfig.js] Loaded 5 components from database","timestamp":"2025-09-30 09:07:46"}
{"level":"debug","message":"[database-genPageConfig.js] Enhancing 5 components with props and triggers","timestamp":"2025-09-30 09:07:46"}
{"level":"debug","message":"[propsRetriever.js] Getting props for xref_id: 41","timestamp":"2025-09-30 09:07:46"}
{"level":"debug","message":"[triggersRetriever.js] Getting triggers for xref_id: 41","timestamp":"2025-09-30 09:07:46"}
{"level":"debug","message":"[dbUtils.js] Executing GET query: ********","timestamp":"2025-09-30 09:07:46"}
{"level":"debug","message":"[dbUtils.js] Handling GET-specific logic","timestamp":"2025-09-30 09:07:46"}
{"level":"info","message":"[dbUtils.js] Query executed, rows fetched: 1","timestamp":"2025-09-30 09:07:46"}
{"level":"info","message":"Performance measurement for database_query","performance":{"duration":87.004574,"method":"GET","operation":"database_query","rowCount":1,"success":true},"timestamp":"2025-09-30 09:07:46"}
{"level":"debug","message":"[dbUtils.js] Connection released","timestamp":"2025-09-30 09:07:46"}
{"level":"debug","message":"[dbUtils.js] Executing POST query: ********","timestamp":"2025-09-30 09:07:46"}
{"level":"debug","message":"[dbUtils.js] Handling POST-specific logic","timestamp":"2025-09-30 09:07:46"}
{"level":"debug","message":"[dbUtils.js] Executing GET query: ********","timestamp":"2025-09-30 09:07:47"}
{"level":"debug","message":"[dbUtils.js] Handling GET-specific logic","timestamp":"2025-09-30 09:07:47"}
{"level":"info","message":"[dbUtils.js] Query executed, rows fetched: 1","timestamp":"2025-09-30 09:07:47"}
{"level":"info","message":"Performance measurement for database_query","performance":{"duration":231.625215,"method":"GET","operation":"database_query","rowCount":1,"success":true},"timestamp":"2025-09-30 09:07:47"}
{"level":"debug","message":"[dbUtils.js] Connection released","timestamp":"2025-09-30 09:07:47"}
{"level":"debug","message":"[dbUtils.js] Executing POST query: ********","timestamp":"2025-09-30 09:07:47"}
{"level":"debug","message":"[dbUtils.js] Handling POST-specific logic","timestamp":"2025-09-30 09:07:47"}
{"level":"info","message":"Performance measurement for database_query","performance":{"duration":152.759815,"method":"POST","operation":"database_query","rowCount":2,"success":true},"timestamp":"2025-09-30 09:07:47"}
{"level":"debug","message":"[dbUtils.js] Connection released","timestamp":"2025-09-30 09:07:47"}
{"level":"debug","message":"[dbUtils.js] Executing GET query: ********","timestamp":"2025-09-30 09:07:47"}
{"level":"debug","message":"[dbUtils.js] Handling GET-specific logic","timestamp":"2025-09-30 09:07:47"}
{"level":"info","message":"[dbUtils.js] Query executed, rows fetched: 1","timestamp":"2025-09-30 09:07:47"}
{"level":"info","message":"Performance measurement for database_query","performance":{"duration":66.400687,"method":"GET","operation":"database_query","rowCount":1,"success":true},"timestamp":"2025-09-30 09:07:47"}
{"level":"debug","message":"[dbUtils.js] Connection released","timestamp":"2025-09-30 09:07:47"}
{"level":"debug","message":"[dbUtils.js] Executing GET query: ********","timestamp":"2025-09-30 09:07:47"}
{"level":"debug","message":"[dbUtils.js] Handling GET-specific logic","timestamp":"2025-09-30 09:07:47"}
{"level":"info","message":"[dbUtils.js] Query executed, rows fetched: 0","timestamp":"2025-09-30 09:07:47"}
{"level":"info","message":"Performance measurement for database_query","performance":{"duration":75.358678,"method":"GET","operation":"database_query","rowCount":0,"success":true},"timestamp":"2025-09-30 09:07:47"}
{"level":"debug","message":"[dbUtils.js] Connection released","timestamp":"2025-09-30 09:07:47"}
{"level":"info","message":"Performance measurement for database_query","performance":{"duration":170.21714,"method":"POST","operation":"database_query","rowCount":2,"success":true},"timestamp":"2025-09-30 09:07:47"}
{"level":"debug","message":"[dbUtils.js] Connection released","timestamp":"2025-09-30 09:07:47"}
{"level":"debug","message":"[dbUtils.js] Executing GET query: ********","timestamp":"2025-09-30 09:07:47"}
{"level":"debug","message":"[dbUtils.js] Handling GET-specific logic","timestamp":"2025-09-30 09:07:47"}
{"level":"info","message":"[dbUtils.js] Query executed, rows fetched: 1","timestamp":"2025-09-30 09:07:47"}
{"level":"info","message":"Performance measurement for database_query","performance":{"duration":84.452215,"method":"GET","operation":"database_query","rowCount":1,"success":true},"timestamp":"2025-09-30 09:07:47"}
{"level":"debug","message":"[dbUtils.js] Connection released","timestamp":"2025-09-30 09:07:47"}
{"level":"debug","message":"[dbUtils.js] Executing GET query: ********","timestamp":"2025-09-30 09:07:47"}
{"level":"debug","message":"[dbUtils.js] Handling GET-specific logic","timestamp":"2025-09-30 09:07:47"}
{"level":"info","message":"[dbUtils.js] Query executed, rows fetched: 0","timestamp":"2025-09-30 09:07:47"}
{"level":"info","message":"Performance measurement for database_query","performance":{"duration":82.759104,"method":"GET","operation":"database_query","rowCount":0,"success":true},"timestamp":"2025-09-30 09:07:47"}
{"level":"debug","message":"[dbUtils.js] Connection released","timestamp":"2025-09-30 09:07:47"}
{"level":"debug","message":"[database-genPageConfig.js] Enhanced wf-login: 0 props, 0 trigger classes","timestamp":"2025-09-30 09:07:47"}
{"level":"debug","message":"[propsRetriever.js] Getting props for xref_id: 49","timestamp":"2025-09-30 09:07:47"}
{"level":"debug","message":"[triggersRetriever.js] Getting triggers for xref_id: 49","timestamp":"2025-09-30 09:07:47"}
{"level":"debug","message":"[dbUtils.js] Executing GET query: ********","timestamp":"2025-09-30 09:07:47"}
{"level":"debug","message":"[dbUtils.js] Handling GET-specific logic","timestamp":"2025-09-30 09:07:47"}
{"level":"debug","message":"[dbUtils.js] Executing GET query: ********","timestamp":"2025-09-30 09:07:47"}
{"level":"debug","message":"[dbUtils.js] Handling GET-specific logic","timestamp":"2025-09-30 09:07:47"}
{"level":"info","message":"[dbUtils.js] Query executed, rows fetched: 1","timestamp":"2025-09-30 09:07:47"}
{"level":"info","message":"Performance measurement for database_query","performance":{"duration":31.733418,"method":"GET","operation":"database_query","rowCount":1,"success":true},"timestamp":"2025-09-30 09:07:47"}
{"level":"debug","message":"[dbUtils.js] Connection released","timestamp":"2025-09-30 09:07:47"}
{"level":"debug","message":"[dbUtils.js] Executing POST query: ********","timestamp":"2025-09-30 09:07:47"}
{"level":"debug","message":"[dbUtils.js] Handling POST-specific logic","timestamp":"2025-09-30 09:07:47"}
{"level":"info","message":"[dbUtils.js] Query executed, rows fetched: 1","timestamp":"2025-09-30 09:07:47"}
{"level":"info","message":"Performance measurement for database_query","performance":{"duration":36.225559,"method":"GET","operation":"database_query","rowCount":1,"success":true},"timestamp":"2025-09-30 09:07:47"}
{"level":"debug","message":"[dbUtils.js] Connection released","timestamp":"2025-09-30 09:07:47"}
{"level":"debug","message":"[dbUtils.js] Executing POST query: ********","timestamp":"2025-09-30 09:07:47"}
{"level":"debug","message":"[dbUtils.js] Handling POST-specific logic","timestamp":"2025-09-30 09:07:47"}
{"level":"info","message":"Performance measurement for database_query","performance":{"duration":150.809133,"method":"POST","operation":"database_query","rowCount":2,"success":true},"timestamp":"2025-09-30 09:07:47"}
{"level":"debug","message":"[dbUtils.js] Connection released","timestamp":"2025-09-30 09:07:47"}
{"level":"debug","message":"[dbUtils.js] Executing GET query: ********","timestamp":"2025-09-30 09:07:47"}
{"level":"debug","message":"[dbUtils.js] Handling GET-specific logic","timestamp":"2025-09-30 09:07:47"}
{"level":"info","message":"[dbUtils.js] Query executed, rows fetched: 1","timestamp":"2025-09-30 09:07:47"}
{"level":"info","message":"Performance measurement for database_query","performance":{"duration":35.231133,"method":"GET","operation":"database_query","rowCount":1,"success":true},"timestamp":"2025-09-30 09:07:47"}
{"level":"debug","message":"[dbUtils.js] Connection released","timestamp":"2025-09-30 09:07:47"}
{"level":"debug","message":"[dbUtils.js] Executing GET query: ********","timestamp":"2025-09-30 09:07:47"}
{"level":"debug","message":"[dbUtils.js] Handling GET-specific logic","timestamp":"2025-09-30 09:07:47"}
{"level":"info","message":"Performance measurement for database_query","performance":{"duration":189.70774,"method":"POST","operation":"database_query","rowCount":2,"success":true},"timestamp":"2025-09-30 09:07:47"}
{"level":"debug","message":"[dbUtils.js] Connection released","timestamp":"2025-09-30 09:07:47"}
{"level":"debug","message":"[dbUtils.js] Executing GET query: ********","timestamp":"2025-09-30 09:07:47"}
{"level":"debug","message":"[dbUtils.js] Handling GET-specific logic","timestamp":"2025-09-30 09:07:47"}
{"level":"info","message":"[dbUtils.js] Query executed, rows fetched: 0","timestamp":"2025-09-30 09:07:47"}
{"level":"info","message":"Performance measurement for database_query","performance":{"duration":72.512222,"method":"GET","operation":"database_query","rowCount":0,"success":true},"timestamp":"2025-09-30 09:07:47"}
{"level":"debug","message":"[dbUtils.js] Connection released","timestamp":"2025-09-30 09:07:47"}
{"level":"info","message":"[dbUtils.js] Query executed, rows fetched: 1","timestamp":"2025-09-30 09:07:47"}
{"level":"info","message":"Performance measurement for database_query","performance":{"duration":73.658821,"method":"GET","operation":"database_query","rowCount":1,"success":true},"timestamp":"2025-09-30 09:07:47"}
{"level":"debug","message":"[dbUtils.js] Connection released","timestamp":"2025-09-30 09:07:47"}
{"level":"debug","message":"[dbUtils.js] Executing GET query: ********","timestamp":"2025-09-30 09:07:47"}
{"level":"debug","message":"[dbUtils.js] Handling GET-specific logic","timestamp":"2025-09-30 09:07:47"}
{"level":"info","message":"[dbUtils.js] Query executed, rows fetched: 0","timestamp":"2025-09-30 09:07:47"}
{"level":"info","message":"Performance measurement for database_query","performance":{"duration":71.811405,"method":"GET","operation":"database_query","rowCount":0,"success":true},"timestamp":"2025-09-30 09:07:47"}
{"level":"debug","message":"[dbUtils.js] Connection released","timestamp":"2025-09-30 09:07:47"}
{"level":"debug","message":"[database-genPageConfig.js] Enhanced loginPage: 0 props, 0 trigger classes","timestamp":"2025-09-30 09:07:47"}
{"level":"debug","message":"[propsRetriever.js] Getting props for xref_id: 43","timestamp":"2025-09-30 09:07:47"}
{"level":"debug","message":"[triggersRetriever.js] Getting triggers for xref_id: 43","timestamp":"2025-09-30 09:07:47"}
{"level":"debug","message":"[dbUtils.js] Executing GET query: ********","timestamp":"2025-09-30 09:07:47"}
{"level":"debug","message":"[dbUtils.js] Handling GET-specific logic","timestamp":"2025-09-30 09:07:47"}
{"level":"debug","message":"[dbUtils.js] Executing GET query: ********","timestamp":"2025-09-30 09:07:47"}
{"level":"debug","message":"[dbUtils.js] Handling GET-specific logic","timestamp":"2025-09-30 09:07:47"}
{"level":"info","message":"[dbUtils.js] Query executed, rows fetched: 1","timestamp":"2025-09-30 09:07:47"}
{"level":"info","message":"Performance measurement for database_query","performance":{"duration":37.977459,"method":"GET","operation":"database_query","rowCount":1,"success":true},"timestamp":"2025-09-30 09:07:47"}
{"level":"debug","message":"[dbUtils.js] Connection released","timestamp":"2025-09-30 09:07:47"}
{"level":"debug","message":"[dbUtils.js] Executing POST query: ********","timestamp":"2025-09-30 09:07:47"}
{"level":"debug","message":"[dbUtils.js] Handling POST-specific logic","timestamp":"2025-09-30 09:07:47"}
{"level":"info","message":"[dbUtils.js] Query executed, rows fetched: 1","timestamp":"2025-09-30 09:07:47"}
{"level":"info","message":"Performance measurement for database_query","performance":{"duration":39.143172,"method":"GET","operation":"database_query","rowCount":1,"success":true},"timestamp":"2025-09-30 09:07:47"}
{"level":"debug","message":"[dbUtils.js] Connection released","timestamp":"2025-09-30 09:07:47"}
{"level":"debug","message":"[dbUtils.js] Executing POST query: ********","timestamp":"2025-09-30 09:07:47"}
{"level":"debug","message":"[dbUtils.js] Handling POST-specific logic","timestamp":"2025-09-30 09:07:47"}
{"level":"info","message":"Performance measurement for database_query","performance":{"duration":174.758882,"method":"POST","operation":"database_query","rowCount":2,"success":true},"timestamp":"2025-09-30 09:07:48"}
{"level":"debug","message":"[dbUtils.js] Connection released","timestamp":"2025-09-30 09:07:48"}
{"level":"debug","message":"[dbUtils.js] Executing GET query: ********","timestamp":"2025-09-30 09:07:48"}
{"level":"debug","message":"[dbUtils.js] Handling GET-specific logic","timestamp":"2025-09-30 09:07:48"}
{"level":"info","message":"[dbUtils.js] Query executed, rows fetched: 1","timestamp":"2025-09-30 09:07:48"}
{"level":"info","message":"Performance measurement for database_query","performance":{"duration":37.944774,"method":"GET","operation":"database_query","rowCount":1,"success":true},"timestamp":"2025-09-30 09:07:48"}
{"level":"debug","message":"[dbUtils.js] Connection released","timestamp":"2025-09-30 09:07:48"}
{"level":"debug","message":"[dbUtils.js] Executing GET query: ********","timestamp":"2025-09-30 09:07:48"}
{"level":"debug","message":"[dbUtils.js] Handling GET-specific logic","timestamp":"2025-09-30 09:07:48"}
{"level":"info","message":"[dbUtils.js] Query executed, rows fetched: 0","timestamp":"2025-09-30 09:07:48"}
{"level":"info","message":"Performance measurement for database_query","performance":{"duration":76.377987,"method":"GET","operation":"database_query","rowCount":0,"success":true},"timestamp":"2025-09-30 09:07:48"}
{"level":"debug","message":"[dbUtils.js] Connection released","timestamp":"2025-09-30 09:07:48"}
{"level":"info","message":"Performance measurement for database_query","performance":{"duration":404.819944,"method":"POST","operation":"database_query","rowCount":2,"success":true},"timestamp":"2025-09-30 09:07:48"}
{"level":"debug","message":"[dbUtils.js] Connection released","timestamp":"2025-09-30 09:07:48"}
{"level":"debug","message":"[dbUtils.js] Executing GET query: ********","timestamp":"2025-09-30 09:07:48"}
{"level":"debug","message":"[dbUtils.js] Handling GET-specific logic","timestamp":"2025-09-30 09:07:48"}
{"level":"info","message":"[dbUtils.js] Query executed, rows fetched: 1","timestamp":"2025-09-30 09:07:48"}
{"level":"info","message":"Performance measurement for database_query","performance":{"duration":31.543643,"method":"GET","operation":"database_query","rowCount":1,"success":true},"timestamp":"2025-09-30 09:07:48"}
{"level":"debug","message":"[dbUtils.js] Connection released","timestamp":"2025-09-30 09:07:48"}
{"level":"debug","message":"[dbUtils.js] Executing GET query: ********","timestamp":"2025-09-30 09:07:48"}
{"level":"debug","message":"[dbUtils.js] Handling GET-specific logic","timestamp":"2025-09-30 09:07:48"}
{"level":"info","message":"[dbUtils.js] Query executed, rows fetched: 3","timestamp":"2025-09-30 09:07:48"}
{"level":"info","message":"Performance measurement for database_query","performance":{"duration":70.080369,"method":"GET","operation":"database_query","rowCount":3,"success":true},"timestamp":"2025-09-30 09:07:48"}
{"level":"debug","message":"[dbUtils.js] Connection released","timestamp":"2025-09-30 09:07:48"}
{"level":"debug","message":"[propsRetriever.js] Found 3 props for xref_id: 43","timestamp":"2025-09-30 09:07:48"}
{"level":"debug","message":"[database-genPageConfig.js] Enhanced LoginForm: 3 props, 0 trigger classes","timestamp":"2025-09-30 09:07:48"}
{"level":"debug","message":"[propsRetriever.js] Getting props for xref_id: 42","timestamp":"2025-09-30 09:07:48"}
{"level":"debug","message":"[triggersRetriever.js] Getting triggers for xref_id: 42","timestamp":"2025-09-30 09:07:48"}
{"level":"debug","message":"[dbUtils.js] Executing GET query: ********","timestamp":"2025-09-30 09:07:48"}
{"level":"debug","message":"[dbUtils.js] Handling GET-specific logic","timestamp":"2025-09-30 09:07:48"}
{"level":"debug","message":"[dbUtils.js] Executing GET query: ********","timestamp":"2025-09-30 09:07:48"}
{"level":"debug","message":"[dbUtils.js] Handling GET-specific logic","timestamp":"2025-09-30 09:07:48"}
{"level":"info","message":"[dbUtils.js] Query executed, rows fetched: 1","timestamp":"2025-09-30 09:07:48"}
{"level":"info","message":"Performance measurement for database_query","performance":{"duration":35.516815,"method":"GET","operation":"database_query","rowCount":1,"success":true},"timestamp":"2025-09-30 09:07:48"}
{"level":"debug","message":"[dbUtils.js] Connection released","timestamp":"2025-09-30 09:07:48"}
{"level":"debug","message":"[dbUtils.js] Executing POST query: ********","timestamp":"2025-09-30 09:07:48"}
{"level":"debug","message":"[dbUtils.js] Handling POST-specific logic","timestamp":"2025-09-30 09:07:48"}
{"level":"info","message":"[dbUtils.js] Query executed, rows fetched: 1","timestamp":"2025-09-30 09:07:48"}
{"level":"info","message":"Performance measurement for database_query","performance":{"duration":36.930778,"method":"GET","operation":"database_query","rowCount":1,"success":true},"timestamp":"2025-09-30 09:07:48"}
{"level":"debug","message":"[dbUtils.js] Connection released","timestamp":"2025-09-30 09:07:48"}
{"level":"debug","message":"[dbUtils.js] Executing POST query: ********","timestamp":"2025-09-30 09:07:48"}
{"level":"debug","message":"[dbUtils.js] Handling POST-specific logic","timestamp":"2025-09-30 09:07:48"}
{"level":"info","message":"Performance measurement for database_query","performance":{"duration":144.922397,"method":"POST","operation":"database_query","rowCount":2,"success":true},"timestamp":"2025-09-30 09:07:48"}
{"level":"debug","message":"[dbUtils.js] Connection released","timestamp":"2025-09-30 09:07:48"}
{"level":"debug","message":"[dbUtils.js] Executing GET query: ********","timestamp":"2025-09-30 09:07:48"}
{"level":"debug","message":"[dbUtils.js] Handling GET-specific logic","timestamp":"2025-09-30 09:07:48"}
{"level":"info","message":"[dbUtils.js] Query executed, rows fetched: 1","timestamp":"2025-09-30 09:07:48"}
{"level":"info","message":"Performance measurement for database_query","performance":{"duration":34.493519,"method":"GET","operation":"database_query","rowCount":1,"success":true},"timestamp":"2025-09-30 09:07:48"}
{"level":"debug","message":"[dbUtils.js] Connection released","timestamp":"2025-09-30 09:07:48"}
{"level":"debug","message":"[dbUtils.js] Executing GET query: ********","timestamp":"2025-09-30 09:07:48"}
{"level":"debug","message":"[dbUtils.js] Handling GET-specific logic","timestamp":"2025-09-30 09:07:48"}
{"level":"info","message":"Performance measurement for database_query","performance":{"duration":184.004749,"method":"POST","operation":"database_query","rowCount":2,"success":true},"timestamp":"2025-09-30 09:07:48"}
{"level":"debug","message":"[dbUtils.js] Connection released","timestamp":"2025-09-30 09:07:48"}
{"level":"debug","message":"[dbUtils.js] Executing GET query: ********","timestamp":"2025-09-30 09:07:48"}
{"level":"debug","message":"[dbUtils.js] Handling GET-specific logic","timestamp":"2025-09-30 09:07:48"}
{"level":"info","message":"[dbUtils.js] Query executed, rows fetched: 1","timestamp":"2025-09-30 09:07:48"}
{"level":"info","message":"Performance measurement for database_query","performance":{"duration":37.881379,"method":"GET","operation":"database_query","rowCount":1,"success":true},"timestamp":"2025-09-30 09:07:48"}
{"level":"debug","message":"[dbUtils.js] Connection released","timestamp":"2025-09-30 09:07:48"}
{"level":"debug","message":"[dbUtils.js] Executing GET query: ********","timestamp":"2025-09-30 09:07:48"}
{"level":"debug","message":"[dbUtils.js] Handling GET-specific logic","timestamp":"2025-09-30 09:07:48"}
{"level":"info","message":"[dbUtils.js] Query executed, rows fetched: 4","timestamp":"2025-09-30 09:07:48"}
{"level":"info","message":"Performance measurement for database_query","performance":{"duration":77.34736,"method":"GET","operation":"database_query","rowCount":4,"success":true},"timestamp":"2025-09-30 09:07:48"}
{"level":"debug","message":"[dbUtils.js] Connection released","timestamp":"2025-09-30 09:07:48"}
{"level":"debug","message":"[triggersRetriever.js] Found 4 triggers for xref_id: 42","timestamp":"2025-09-30 09:07:48"}
{"level":"info","message":"[dbUtils.js] Query executed, rows fetched: 1","timestamp":"2025-09-30 09:07:48"}
{"level":"info","message":"Performance measurement for database_query","performance":{"duration":77.941719,"method":"GET","operation":"database_query","rowCount":1,"success":true},"timestamp":"2025-09-30 09:07:48"}
{"level":"debug","message":"[dbUtils.js] Connection released","timestamp":"2025-09-30 09:07:48"}
{"level":"debug","message":"[propsRetriever.js] Found 1 props for xref_id: 42","timestamp":"2025-09-30 09:07:48"}
{"level":"debug","message":"[database-genPageConfig.js] Enhanced loginSubmit: 1 props, 2 trigger classes","timestamp":"2025-09-30 09:07:48"}
{"level":"debug","message":"[propsRetriever.js] Getting props for xref_id: 44","timestamp":"2025-09-30 09:07:48"}
{"level":"debug","message":"[triggersRetriever.js] Getting triggers for xref_id: 44","timestamp":"2025-09-30 09:07:48"}
{"level":"debug","message":"[dbUtils.js] Executing GET query: ********","timestamp":"2025-09-30 09:07:48"}
{"level":"debug","message":"[dbUtils.js] Handling GET-specific logic","timestamp":"2025-09-30 09:07:48"}
{"level":"debug","message":"[dbUtils.js] Executing GET query: ********","timestamp":"2025-09-30 09:07:48"}
{"level":"debug","message":"[dbUtils.js] Handling GET-specific logic","timestamp":"2025-09-30 09:07:48"}
{"level":"info","message":"[dbUtils.js] Query executed, rows fetched: 1","timestamp":"2025-09-30 09:07:48"}
{"level":"info","message":"Performance measurement for database_query","performance":{"duration":31.202093,"method":"GET","operation":"database_query","rowCount":1,"success":true},"timestamp":"2025-09-30 09:07:48"}
{"level":"debug","message":"[dbUtils.js] Connection released","timestamp":"2025-09-30 09:07:48"}
{"level":"debug","message":"[dbUtils.js] Executing POST query: ********","timestamp":"2025-09-30 09:07:48"}
{"level":"debug","message":"[dbUtils.js] Handling POST-specific logic","timestamp":"2025-09-30 09:07:48"}
{"level":"info","message":"[dbUtils.js] Query executed, rows fetched: 1","timestamp":"2025-09-30 09:07:48"}
{"level":"info","message":"Performance measurement for database_query","performance":{"duration":32.038109,"method":"GET","operation":"database_query","rowCount":1,"success":true},"timestamp":"2025-09-30 09:07:48"}
{"level":"debug","message":"[dbUtils.js] Connection released","timestamp":"2025-09-30 09:07:48"}
{"level":"debug","message":"[dbUtils.js] Executing POST query: ********","timestamp":"2025-09-30 09:07:48"}
{"level":"debug","message":"[dbUtils.js] Handling POST-specific logic","timestamp":"2025-09-30 09:07:48"}
{"level":"info","message":"Performance measurement for database_query","performance":{"duration":568.308517,"method":"POST","operation":"database_query","rowCount":2,"success":true},"timestamp":"2025-09-30 09:07:49"}
{"level":"debug","message":"[dbUtils.js] Connection released","timestamp":"2025-09-30 09:07:49"}
{"level":"debug","message":"[dbUtils.js] Executing GET query: ********","timestamp":"2025-09-30 09:07:49"}
{"level":"debug","message":"[dbUtils.js] Handling GET-specific logic","timestamp":"2025-09-30 09:07:49"}
{"level":"info","message":"[dbUtils.js] Query executed, rows fetched: 1","timestamp":"2025-09-30 09:07:49"}
{"level":"info","message":"Performance measurement for database_query","performance":{"duration":34.79512,"method":"GET","operation":"database_query","rowCount":1,"success":true},"timestamp":"2025-09-30 09:07:49"}
{"level":"debug","message":"[dbUtils.js] Connection released","timestamp":"2025-09-30 09:07:49"}
{"level":"debug","message":"[dbUtils.js] Executing GET query: ********","timestamp":"2025-09-30 09:07:49"}
{"level":"debug","message":"[dbUtils.js] Handling GET-specific logic","timestamp":"2025-09-30 09:07:49"}
{"level":"info","message":"Performance measurement for database_query","performance":{"duration":616.433771,"method":"POST","operation":"database_query","rowCount":2,"success":true},"timestamp":"2025-09-30 09:07:49"}
{"level":"debug","message":"[dbUtils.js] Connection released","timestamp":"2025-09-30 09:07:49"}
{"level":"debug","message":"[dbUtils.js] Executing GET query: ********","timestamp":"2025-09-30 09:07:49"}
{"level":"debug","message":"[dbUtils.js] Handling GET-specific logic","timestamp":"2025-09-30 09:07:49"}
{"level":"info","message":"[dbUtils.js] Query executed, rows fetched: 1","timestamp":"2025-09-30 09:07:49"}
{"level":"info","message":"Performance measurement for database_query","performance":{"duration":254.211775,"method":"GET","operation":"database_query","rowCount":1,"success":true},"timestamp":"2025-09-30 09:07:49"}
{"level":"debug","message":"[dbUtils.js] Connection released","timestamp":"2025-09-30 09:07:49"}
{"level":"debug","message":"[dbUtils.js] Executing GET query: ********","timestamp":"2025-09-30 09:07:49"}
{"level":"debug","message":"[dbUtils.js] Handling GET-specific logic","timestamp":"2025-09-30 09:07:49"}
{"level":"info","message":"[dbUtils.js] Query executed, rows fetched: 4","timestamp":"2025-09-30 09:07:49"}
{"level":"info","message":"Performance measurement for database_query","performance":{"duration":267.867309,"method":"GET","operation":"database_query","rowCount":4,"success":true},"timestamp":"2025-09-30 09:07:49"}
{"level":"debug","message":"[dbUtils.js] Connection released","timestamp":"2025-09-30 09:07:49"}
{"level":"debug","message":"[triggersRetriever.js] Found 4 triggers for xref_id: 44","timestamp":"2025-09-30 09:07:49"}
{"level":"info","message":"[dbUtils.js] Query executed, rows fetched: 4","timestamp":"2025-09-30 09:07:49"}
{"level":"info","message":"Performance measurement for database_query","performance":{"duration":74.704971,"method":"GET","operation":"database_query","rowCount":4,"success":true},"timestamp":"2025-09-30 09:07:49"}
{"level":"debug","message":"[dbUtils.js] Connection released","timestamp":"2025-09-30 09:07:49"}
{"level":"debug","message":"[propsRetriever.js] Found 4 props for xref_id: 44","timestamp":"2025-09-30 09:07:49"}
{"level":"debug","message":"[database-genPageConfig.js] Enhanced selectLoginApp: 4 props, 2 trigger classes","timestamp":"2025-09-30 09:07:49"}
{"level":"debug","message":"[database-genPageConfig.js] Expanding grid selectLoginApp with 2 columns into component tree","timestamp":"2025-09-30 09:07:49"}
{"level":"debug","message":"[database-genPageConfig.js] Expanding form LoginForm with 2 fields into component tree","timestamp":"2025-09-30 09:07:49"}
{"level":"debug","message":"[database-genPageConfig.js] Saved pageConfig.json to /home/paul/wf-monorepo-new/apps/wf-studio/src/preview/wf-login/loginPage/pageConfig.json","timestamp":"2025-09-30 09:07:49"}
{"level":"debug","message":"[database-genPageConfig.js] Saved pageMermaid.mmd to /home/paul/wf-monorepo-new/apps/wf-studio/src/preview/wf-login/loginPage/pageMermaid.mmd","timestamp":"2025-09-30 09:07:49"}
{"level":"debug","message":"[database-genPageConfig.js] Saved index.jsx to /home/paul/wf-monorepo-new/apps/wf-studio/src/preview/wf-login/loginPage/index.jsx","timestamp":"2025-09-30 09:07:49"}
{"level":"info","message":"[genPageConfigController.js] PageConfig generated successfully for pageID: 49","timestamp":"2025-09-30 09:07:49"}
{"level":"info","message":"[app.js]  Response: POST /api/genPageConfig 200 (4357ms)","timestamp":"2025-09-30 09:07:49"}
{"level":"info","message":"Performance measurement for http_request","performance":{"duration":4357.335154,"method":"POST","operation":"http_request","path":"/api/genPageConfig","status":200},"timestamp":"2025-09-30 09:07:49"}
{"body":{"pageID":49},"contentType":"application/json","level":"http","message":"[app.js]  Request","method":"POST","path":"/api/genPageConfig","timestamp":"2025-09-30 09:09:25"}
{"level":"http","message":"[genPageConfigController.js] POST /api/genPageConfig","timestamp":"2025-09-30 09:09:25"}
{"level":"debug","message":"[genPageConfigController.js] Generating pageConfig for pageID: 49","timestamp":"2025-09-30 09:09:25"}
{"level":"debug","message":"[database-genPageConfig.js] Generating pageConfig for page xref ID: 49","timestamp":"2025-09-30 09:09:25"}
{"level":"debug","message":"[dbUtils.js] Executing GET query: ********","timestamp":"2025-09-30 09:09:25"}
{"level":"debug","message":"[dbUtils.js] Handling GET-specific logic","timestamp":"2025-09-30 09:09:25"}
{"level":"info","message":"[dbUtils.js] Query executed, rows fetched: 2","timestamp":"2025-09-30 09:09:25"}
{"level":"info","message":"Performance measurement for database_query","performance":{"duration":149.17767,"method":"GET","operation":"database_query","rowCount":2,"success":true},"timestamp":"2025-09-30 09:09:25"}
{"level":"debug","message":"[dbUtils.js] Connection released","timestamp":"2025-09-30 09:09:25"}
{"level":"debug","message":"[database-genPageConfig.js] Loaded 5 components from database","timestamp":"2025-09-30 09:09:25"}
{"level":"debug","message":"[database-genPageConfig.js] Enhancing 5 components with props and triggers","timestamp":"2025-09-30 09:09:25"}
{"level":"debug","message":"[propsRetriever.js] Getting props for xref_id: 41","timestamp":"2025-09-30 09:09:25"}
{"level":"debug","message":"[triggersRetriever.js] Getting triggers for xref_id: 41","timestamp":"2025-09-30 09:09:25"}
{"level":"debug","message":"[dbUtils.js] Executing GET query: ********","timestamp":"2025-09-30 09:09:25"}
{"level":"debug","message":"[dbUtils.js] Handling GET-specific logic","timestamp":"2025-09-30 09:09:25"}
{"level":"debug","message":"[dbUtils.js] Executing GET query: ********","timestamp":"2025-09-30 09:09:25"}
{"level":"debug","message":"[dbUtils.js] Handling GET-specific logic","timestamp":"2025-09-30 09:09:25"}
{"level":"info","message":"[dbUtils.js] Query executed, rows fetched: 1","timestamp":"2025-09-30 09:09:25"}
{"level":"info","message":"Performance measurement for database_query","performance":{"duration":212.664789,"method":"GET","operation":"database_query","rowCount":1,"success":true},"timestamp":"2025-09-30 09:09:25"}
{"level":"debug","message":"[dbUtils.js] Connection released","timestamp":"2025-09-30 09:09:25"}
{"level":"debug","message":"[dbUtils.js] Executing POST query: ********","timestamp":"2025-09-30 09:09:25"}
{"level":"debug","message":"[dbUtils.js] Handling POST-specific logic","timestamp":"2025-09-30 09:09:25"}
{"level":"info","message":"[dbUtils.js] Query executed, rows fetched: 1","timestamp":"2025-09-30 09:09:25"}
{"level":"info","message":"Performance measurement for database_query","performance":{"duration":213.519371,"method":"GET","operation":"database_query","rowCount":1,"success":true},"timestamp":"2025-09-30 09:09:25"}
{"level":"debug","message":"[dbUtils.js] Connection released","timestamp":"2025-09-30 09:09:25"}
{"level":"debug","message":"[dbUtils.js] Executing POST query: ********","timestamp":"2025-09-30 09:09:25"}
{"level":"debug","message":"[dbUtils.js] Handling POST-specific logic","timestamp":"2025-09-30 09:09:25"}
{"level":"info","message":"Performance measurement for database_query","performance":{"duration":295.721771,"method":"POST","operation":"database_query","rowCount":2,"success":true},"timestamp":"2025-09-30 09:09:26"}
{"level":"debug","message":"[dbUtils.js] Connection released","timestamp":"2025-09-30 09:09:26"}
{"level":"debug","message":"[dbUtils.js] Executing GET query: ********","timestamp":"2025-09-30 09:09:26"}
{"level":"debug","message":"[dbUtils.js] Handling GET-specific logic","timestamp":"2025-09-30 09:09:26"}
{"level":"info","message":"[dbUtils.js] Query executed, rows fetched: 1","timestamp":"2025-09-30 09:09:26"}
{"level":"info","message":"Performance measurement for database_query","performance":{"duration":102.417782,"method":"GET","operation":"database_query","rowCount":1,"success":true},"timestamp":"2025-09-30 09:09:26"}
{"level":"debug","message":"[dbUtils.js] Connection released","timestamp":"2025-09-30 09:09:26"}
{"level":"debug","message":"[dbUtils.js] Executing GET query: ********","timestamp":"2025-09-30 09:09:26"}
{"level":"debug","message":"[dbUtils.js] Handling GET-specific logic","timestamp":"2025-09-30 09:09:26"}
{"level":"info","message":"Performance measurement for database_query","performance":{"duration":398.313211,"method":"POST","operation":"database_query","rowCount":2,"success":true},"timestamp":"2025-09-30 09:09:26"}
{"level":"debug","message":"[dbUtils.js] Connection released","timestamp":"2025-09-30 09:09:26"}
{"level":"debug","message":"[dbUtils.js] Executing GET query: ********","timestamp":"2025-09-30 09:09:26"}
{"level":"debug","message":"[dbUtils.js] Handling GET-specific logic","timestamp":"2025-09-30 09:09:26"}
{"level":"info","message":"[dbUtils.js] Query executed, rows fetched: 1","timestamp":"2025-09-30 09:09:26"}
{"level":"info","message":"Performance measurement for database_query","performance":{"duration":101.892507,"method":"GET","operation":"database_query","rowCount":1,"success":true},"timestamp":"2025-09-30 09:09:26"}
{"level":"debug","message":"[dbUtils.js] Connection released","timestamp":"2025-09-30 09:09:26"}
{"level":"debug","message":"[dbUtils.js] Executing GET query: ********","timestamp":"2025-09-30 09:09:26"}
{"level":"debug","message":"[dbUtils.js] Handling GET-specific logic","timestamp":"2025-09-30 09:09:26"}
{"level":"info","message":"[dbUtils.js] Query executed, rows fetched: 0","timestamp":"2025-09-30 09:09:26"}
{"level":"info","message":"Performance measurement for database_query","performance":{"duration":161.651863,"method":"GET","operation":"database_query","rowCount":0,"success":true},"timestamp":"2025-09-30 09:09:26"}
{"level":"debug","message":"[dbUtils.js] Connection released","timestamp":"2025-09-30 09:09:26"}
{"level":"info","message":"[dbUtils.js] Query executed, rows fetched: 0","timestamp":"2025-09-30 09:09:26"}
{"level":"info","message":"Performance measurement for database_query","performance":{"duration":118.655158,"method":"GET","operation":"database_query","rowCount":0,"success":true},"timestamp":"2025-09-30 09:09:26"}
{"level":"debug","message":"[dbUtils.js] Connection released","timestamp":"2025-09-30 09:09:26"}
{"level":"debug","message":"[database-genPageConfig.js] Enhanced wf-login: 0 props, 0 trigger classes","timestamp":"2025-09-30 09:09:26"}
{"level":"debug","message":"[propsRetriever.js] Getting props for xref_id: 49","timestamp":"2025-09-30 09:09:26"}
{"level":"debug","message":"[triggersRetriever.js] Getting triggers for xref_id: 49","timestamp":"2025-09-30 09:09:26"}
{"level":"debug","message":"[dbUtils.js] Executing GET query: ********","timestamp":"2025-09-30 09:09:26"}
{"level":"debug","message":"[dbUtils.js] Handling GET-specific logic","timestamp":"2025-09-30 09:09:26"}
{"level":"debug","message":"[dbUtils.js] Executing GET query: ********","timestamp":"2025-09-30 09:09:26"}
{"level":"debug","message":"[dbUtils.js] Handling GET-specific logic","timestamp":"2025-09-30 09:09:26"}
{"level":"info","message":"[dbUtils.js] Query executed, rows fetched: 1","timestamp":"2025-09-30 09:09:26"}
{"level":"info","message":"Performance measurement for database_query","performance":{"duration":81.893719,"method":"GET","operation":"database_query","rowCount":1,"success":true},"timestamp":"2025-09-30 09:09:26"}
{"level":"debug","message":"[dbUtils.js] Connection released","timestamp":"2025-09-30 09:09:26"}
{"level":"debug","message":"[dbUtils.js] Executing POST query: ********","timestamp":"2025-09-30 09:09:26"}
{"level":"debug","message":"[dbUtils.js] Handling POST-specific logic","timestamp":"2025-09-30 09:09:26"}
{"level":"info","message":"[dbUtils.js] Query executed, rows fetched: 1","timestamp":"2025-09-30 09:09:26"}
{"level":"info","message":"Performance measurement for database_query","performance":{"duration":86.026628,"method":"GET","operation":"database_query","rowCount":1,"success":true},"timestamp":"2025-09-30 09:09:26"}
{"level":"debug","message":"[dbUtils.js] Connection released","timestamp":"2025-09-30 09:09:26"}
{"level":"debug","message":"[dbUtils.js] Executing POST query: ********","timestamp":"2025-09-30 09:09:26"}
{"level":"debug","message":"[dbUtils.js] Handling POST-specific logic","timestamp":"2025-09-30 09:09:26"}
{"level":"info","message":"Performance measurement for database_query","performance":{"duration":305.184004,"method":"POST","operation":"database_query","rowCount":2,"success":true},"timestamp":"2025-09-30 09:09:26"}
{"level":"debug","message":"[dbUtils.js] Connection released","timestamp":"2025-09-30 09:09:26"}
{"level":"debug","message":"[dbUtils.js] Executing GET query: ********","timestamp":"2025-09-30 09:09:26"}
{"level":"debug","message":"[dbUtils.js] Handling GET-specific logic","timestamp":"2025-09-30 09:09:26"}
{"level":"info","message":"[dbUtils.js] Query executed, rows fetched: 1","timestamp":"2025-09-30 09:09:27"}
{"level":"info","message":"Performance measurement for database_query","performance":{"duration":102.022963,"method":"GET","operation":"database_query","rowCount":1,"success":true},"timestamp":"2025-09-30 09:09:27"}
{"level":"debug","message":"[dbUtils.js] Connection released","timestamp":"2025-09-30 09:09:27"}
{"level":"debug","message":"[dbUtils.js] Executing GET query: ********","timestamp":"2025-09-30 09:09:27"}
{"level":"debug","message":"[dbUtils.js] Handling GET-specific logic","timestamp":"2025-09-30 09:09:27"}
{"level":"info","message":"Performance measurement for database_query","performance":{"duration":412.045754,"method":"POST","operation":"database_query","rowCount":2,"success":true},"timestamp":"2025-09-30 09:09:27"}
{"level":"debug","message":"[dbUtils.js] Connection released","timestamp":"2025-09-30 09:09:27"}
{"level":"debug","message":"[dbUtils.js] Executing GET query: ********","timestamp":"2025-09-30 09:09:27"}
{"level":"debug","message":"[dbUtils.js] Handling GET-specific logic","timestamp":"2025-09-30 09:09:27"}
{"level":"info","message":"[dbUtils.js] Query executed, rows fetched: 1","timestamp":"2025-09-30 09:09:27"}
{"level":"info","message":"Performance measurement for database_query","performance":{"duration":102.101142,"method":"GET","operation":"database_query","rowCount":1,"success":true},"timestamp":"2025-09-30 09:09:27"}
{"level":"debug","message":"[dbUtils.js] Connection released","timestamp":"2025-09-30 09:09:27"}
{"level":"debug","message":"[dbUtils.js] Executing GET query: ********","timestamp":"2025-09-30 09:09:27"}
{"level":"debug","message":"[dbUtils.js] Handling GET-specific logic","timestamp":"2025-09-30 09:09:27"}
{"level":"info","message":"[dbUtils.js] Query executed, rows fetched: 0","timestamp":"2025-09-30 09:09:27"}
{"level":"info","message":"Performance measurement for database_query","performance":{"duration":205.500446,"method":"GET","operation":"database_query","rowCount":0,"success":true},"timestamp":"2025-09-30 09:09:27"}
{"level":"debug","message":"[dbUtils.js] Connection released","timestamp":"2025-09-30 09:09:27"}
{"level":"info","message":"[dbUtils.js] Query executed, rows fetched: 0","timestamp":"2025-09-30 09:09:27"}
{"level":"info","message":"Performance measurement for database_query","performance":{"duration":102.99843,"method":"GET","operation":"database_query","rowCount":0,"success":true},"timestamp":"2025-09-30 09:09:27"}
{"level":"debug","message":"[dbUtils.js] Connection released","timestamp":"2025-09-30 09:09:27"}
{"level":"debug","message":"[database-genPageConfig.js] Enhanced loginPage: 0 props, 0 trigger classes","timestamp":"2025-09-30 09:09:27"}
{"level":"debug","message":"[propsRetriever.js] Getting props for xref_id: 43","timestamp":"2025-09-30 09:09:27"}
{"level":"debug","message":"[triggersRetriever.js] Getting triggers for xref_id: 43","timestamp":"2025-09-30 09:09:27"}
{"level":"debug","message":"[dbUtils.js] Executing GET query: ********","timestamp":"2025-09-30 09:09:27"}
{"level":"debug","message":"[dbUtils.js] Handling GET-specific logic","timestamp":"2025-09-30 09:09:27"}
{"level":"debug","message":"[dbUtils.js] Executing GET query: ********","timestamp":"2025-09-30 09:09:27"}
{"level":"debug","message":"[dbUtils.js] Handling GET-specific logic","timestamp":"2025-09-30 09:09:27"}
{"level":"info","message":"[dbUtils.js] Query executed, rows fetched: 1","timestamp":"2025-09-30 09:09:27"}
{"level":"info","message":"Performance measurement for database_query","performance":{"duration":36.57944,"method":"GET","operation":"database_query","rowCount":1,"success":true},"timestamp":"2025-09-30 09:09:27"}
{"level":"debug","message":"[dbUtils.js] Connection released","timestamp":"2025-09-30 09:09:27"}
{"level":"debug","message":"[dbUtils.js] Executing POST query: ********","timestamp":"2025-09-30 09:09:27"}
{"level":"debug","message":"[dbUtils.js] Handling POST-specific logic","timestamp":"2025-09-30 09:09:27"}
{"level":"info","message":"[dbUtils.js] Query executed, rows fetched: 1","timestamp":"2025-09-30 09:09:27"}
{"level":"info","message":"Performance measurement for database_query","performance":{"duration":37.153576,"method":"GET","operation":"database_query","rowCount":1,"success":true},"timestamp":"2025-09-30 09:09:27"}
{"level":"debug","message":"[dbUtils.js] Connection released","timestamp":"2025-09-30 09:09:27"}
{"level":"debug","message":"[dbUtils.js] Executing POST query: ********","timestamp":"2025-09-30 09:09:27"}
{"level":"debug","message":"[dbUtils.js] Handling POST-specific logic","timestamp":"2025-09-30 09:09:27"}
{"level":"info","message":"Performance measurement for database_query","performance":{"duration":204.524005,"method":"POST","operation":"database_query","rowCount":2,"success":true},"timestamp":"2025-09-30 09:09:27"}
{"level":"debug","message":"[dbUtils.js] Connection released","timestamp":"2025-09-30 09:09:27"}
{"level":"debug","message":"[dbUtils.js] Executing GET query: ********","timestamp":"2025-09-30 09:09:27"}
{"level":"debug","message":"[dbUtils.js] Handling GET-specific logic","timestamp":"2025-09-30 09:09:27"}
{"level":"info","message":"[dbUtils.js] Query executed, rows fetched: 1","timestamp":"2025-09-30 09:09:27"}
{"level":"info","message":"Performance measurement for database_query","performance":{"duration":32.138268,"method":"GET","operation":"database_query","rowCount":1,"success":true},"timestamp":"2025-09-30 09:09:27"}
{"level":"debug","message":"[dbUtils.js] Connection released","timestamp":"2025-09-30 09:09:27"}
{"level":"debug","message":"[dbUtils.js] Executing GET query: ********","timestamp":"2025-09-30 09:09:27"}
{"level":"debug","message":"[dbUtils.js] Handling GET-specific logic","timestamp":"2025-09-30 09:09:27"}
{"level":"info","message":"Performance measurement for database_query","performance":{"duration":246.287582,"method":"POST","operation":"database_query","rowCount":2,"success":true},"timestamp":"2025-09-30 09:09:27"}
{"level":"debug","message":"[dbUtils.js] Connection released","timestamp":"2025-09-30 09:09:27"}
{"level":"debug","message":"[dbUtils.js] Executing GET query: ********","timestamp":"2025-09-30 09:09:27"}
{"level":"debug","message":"[dbUtils.js] Handling GET-specific logic","timestamp":"2025-09-30 09:09:27"}
{"level":"info","message":"[dbUtils.js] Query executed, rows fetched: 1","timestamp":"2025-09-30 09:09:27"}
{"level":"info","message":"Performance measurement for database_query","performance":{"duration":123.92511,"method":"GET","operation":"database_query","rowCount":1,"success":true},"timestamp":"2025-09-30 09:09:27"}
{"level":"debug","message":"[dbUtils.js] Connection released","timestamp":"2025-09-30 09:09:27"}
{"level":"debug","message":"[dbUtils.js] Executing GET query: ********","timestamp":"2025-09-30 09:09:27"}
{"level":"debug","message":"[dbUtils.js] Handling GET-specific logic","timestamp":"2025-09-30 09:09:27"}
{"level":"info","message":"[dbUtils.js] Query executed, rows fetched: 0","timestamp":"2025-09-30 09:09:27"}
{"level":"info","message":"Performance measurement for database_query","performance":{"duration":133.946105,"method":"GET","operation":"database_query","rowCount":0,"success":true},"timestamp":"2025-09-30 09:09:27"}
{"level":"debug","message":"[dbUtils.js] Connection released","timestamp":"2025-09-30 09:09:27"}
{"level":"info","message":"[dbUtils.js] Query executed, rows fetched: 3","timestamp":"2025-09-30 09:09:27"}
{"level":"info","message":"Performance measurement for database_query","performance":{"duration":58.705677,"method":"GET","operation":"database_query","rowCount":3,"success":true},"timestamp":"2025-09-30 09:09:27"}
{"level":"debug","message":"[dbUtils.js] Connection released","timestamp":"2025-09-30 09:09:27"}
{"level":"debug","message":"[propsRetriever.js] Found 3 props for xref_id: 43","timestamp":"2025-09-30 09:09:27"}
{"level":"debug","message":"[database-genPageConfig.js] Enhanced LoginForm: 3 props, 0 trigger classes","timestamp":"2025-09-30 09:09:27"}
{"level":"debug","message":"[propsRetriever.js] Getting props for xref_id: 42","timestamp":"2025-09-30 09:09:27"}
{"level":"debug","message":"[triggersRetriever.js] Getting triggers for xref_id: 42","timestamp":"2025-09-30 09:09:27"}
{"level":"debug","message":"[dbUtils.js] Executing GET query: ********","timestamp":"2025-09-30 09:09:27"}
{"level":"debug","message":"[dbUtils.js] Handling GET-specific logic","timestamp":"2025-09-30 09:09:27"}
{"level":"debug","message":"[dbUtils.js] Executing GET query: ********","timestamp":"2025-09-30 09:09:27"}
{"level":"debug","message":"[dbUtils.js] Handling GET-specific logic","timestamp":"2025-09-30 09:09:27"}
{"level":"info","message":"[dbUtils.js] Query executed, rows fetched: 1","timestamp":"2025-09-30 09:09:27"}
{"level":"info","message":"Performance measurement for database_query","performance":{"duration":144.557156,"method":"GET","operation":"database_query","rowCount":1,"success":true},"timestamp":"2025-09-30 09:09:27"}
{"level":"debug","message":"[dbUtils.js] Connection released","timestamp":"2025-09-30 09:09:27"}
{"level":"debug","message":"[dbUtils.js] Executing POST query: ********","timestamp":"2025-09-30 09:09:27"}
{"level":"debug","message":"[dbUtils.js] Handling POST-specific logic","timestamp":"2025-09-30 09:09:27"}
{"level":"info","message":"[dbUtils.js] Query executed, rows fetched: 1","timestamp":"2025-09-30 09:09:27"}
{"level":"info","message":"Performance measurement for database_query","performance":{"duration":145.900841,"method":"GET","operation":"database_query","rowCount":1,"success":true},"timestamp":"2025-09-30 09:09:27"}
{"level":"debug","message":"[dbUtils.js] Connection released","timestamp":"2025-09-30 09:09:27"}
{"level":"debug","message":"[dbUtils.js] Executing POST query: ********","timestamp":"2025-09-30 09:09:27"}
{"level":"debug","message":"[dbUtils.js] Handling POST-specific logic","timestamp":"2025-09-30 09:09:27"}
{"level":"info","message":"Performance measurement for database_query","performance":{"duration":307.914891,"method":"POST","operation":"database_query","rowCount":2,"success":true},"timestamp":"2025-09-30 09:09:28"}
{"level":"debug","message":"[dbUtils.js] Connection released","timestamp":"2025-09-30 09:09:28"}
{"level":"debug","message":"[dbUtils.js] Executing GET query: ********","timestamp":"2025-09-30 09:09:28"}
{"level":"debug","message":"[dbUtils.js] Handling GET-specific logic","timestamp":"2025-09-30 09:09:28"}
{"level":"info","message":"[dbUtils.js] Query executed, rows fetched: 1","timestamp":"2025-09-30 09:09:28"}
{"level":"info","message":"Performance measurement for database_query","performance":{"duration":101.749312,"method":"GET","operation":"database_query","rowCount":1,"success":true},"timestamp":"2025-09-30 09:09:28"}
{"level":"debug","message":"[dbUtils.js] Connection released","timestamp":"2025-09-30 09:09:28"}
{"level":"debug","message":"[dbUtils.js] Executing GET query: ********","timestamp":"2025-09-30 09:09:28"}
{"level":"debug","message":"[dbUtils.js] Handling GET-specific logic","timestamp":"2025-09-30 09:09:28"}
{"level":"info","message":"Performance measurement for database_query","performance":{"duration":411.304109,"method":"POST","operation":"database_query","rowCount":2,"success":true},"timestamp":"2025-09-30 09:09:28"}
{"level":"debug","message":"[dbUtils.js] Connection released","timestamp":"2025-09-30 09:09:28"}
{"level":"debug","message":"[dbUtils.js] Executing GET query: ********","timestamp":"2025-09-30 09:09:28"}
{"level":"debug","message":"[dbUtils.js] Handling GET-specific logic","timestamp":"2025-09-30 09:09:28"}
{"level":"info","message":"[dbUtils.js] Query executed, rows fetched: 4","timestamp":"2025-09-30 09:09:28"}
{"level":"info","message":"Performance measurement for database_query","performance":{"duration":100.761993,"method":"GET","operation":"database_query","rowCount":4,"success":true},"timestamp":"2025-09-30 09:09:28"}
{"level":"debug","message":"[dbUtils.js] Connection released","timestamp":"2025-09-30 09:09:28"}
{"level":"debug","message":"[triggersRetriever.js] Found 4 triggers for xref_id: 42","timestamp":"2025-09-30 09:09:28"}
{"level":"info","message":"[dbUtils.js] Query executed, rows fetched: 1","timestamp":"2025-09-30 09:09:28"}
{"level":"info","message":"Performance measurement for database_query","performance":{"duration":99.355009,"method":"GET","operation":"database_query","rowCount":1,"success":true},"timestamp":"2025-09-30 09:09:28"}
{"level":"debug","message":"[dbUtils.js] Connection released","timestamp":"2025-09-30 09:09:28"}
{"level":"debug","message":"[dbUtils.js] Executing GET query: ********","timestamp":"2025-09-30 09:09:28"}
{"level":"debug","message":"[dbUtils.js] Handling GET-specific logic","timestamp":"2025-09-30 09:09:28"}
{"level":"info","message":"[dbUtils.js] Query executed, rows fetched: 1","timestamp":"2025-09-30 09:09:28"}
{"level":"info","message":"Performance measurement for database_query","performance":{"duration":124.445554,"method":"GET","operation":"database_query","rowCount":1,"success":true},"timestamp":"2025-09-30 09:09:28"}
{"level":"debug","message":"[dbUtils.js] Connection released","timestamp":"2025-09-30 09:09:28"}
{"level":"debug","message":"[propsRetriever.js] Found 1 props for xref_id: 42","timestamp":"2025-09-30 09:09:28"}
{"level":"debug","message":"[database-genPageConfig.js] Enhanced loginSubmit: 1 props, 2 trigger classes","timestamp":"2025-09-30 09:09:28"}
{"level":"debug","message":"[propsRetriever.js] Getting props for xref_id: 44","timestamp":"2025-09-30 09:09:28"}
{"level":"debug","message":"[triggersRetriever.js] Getting triggers for xref_id: 44","timestamp":"2025-09-30 09:09:28"}
{"level":"debug","message":"[dbUtils.js] Executing GET query: ********","timestamp":"2025-09-30 09:09:28"}
{"level":"debug","message":"[dbUtils.js] Handling GET-specific logic","timestamp":"2025-09-30 09:09:28"}
{"level":"debug","message":"[dbUtils.js] Executing GET query: ********","timestamp":"2025-09-30 09:09:28"}
{"level":"debug","message":"[dbUtils.js] Handling GET-specific logic","timestamp":"2025-09-30 09:09:28"}
{"level":"info","message":"[dbUtils.js] Query executed, rows fetched: 1","timestamp":"2025-09-30 09:09:28"}
{"level":"info","message":"Performance measurement for database_query","performance":{"duration":32.606096,"method":"GET","operation":"database_query","rowCount":1,"success":true},"timestamp":"2025-09-30 09:09:28"}
{"level":"debug","message":"[dbUtils.js] Connection released","timestamp":"2025-09-30 09:09:28"}
{"level":"debug","message":"[dbUtils.js] Executing POST query: ********","timestamp":"2025-09-30 09:09:28"}
{"level":"debug","message":"[dbUtils.js] Handling POST-specific logic","timestamp":"2025-09-30 09:09:28"}
{"level":"info","message":"[dbUtils.js] Query executed, rows fetched: 1","timestamp":"2025-09-30 09:09:28"}
{"level":"info","message":"Performance measurement for database_query","performance":{"duration":33.170408,"method":"GET","operation":"database_query","rowCount":1,"success":true},"timestamp":"2025-09-30 09:09:28"}
{"level":"debug","message":"[dbUtils.js] Connection released","timestamp":"2025-09-30 09:09:28"}
{"level":"debug","message":"[dbUtils.js] Executing POST query: ********","timestamp":"2025-09-30 09:09:28"}
{"level":"debug","message":"[dbUtils.js] Handling POST-specific logic","timestamp":"2025-09-30 09:09:28"}
{"level":"info","message":"Performance measurement for database_query","performance":{"duration":249.218955,"method":"POST","operation":"database_query","rowCount":2,"success":true},"timestamp":"2025-09-30 09:09:28"}
{"level":"debug","message":"[dbUtils.js] Connection released","timestamp":"2025-09-30 09:09:28"}
{"level":"debug","message":"[dbUtils.js] Executing GET query: ********","timestamp":"2025-09-30 09:09:28"}
{"level":"debug","message":"[dbUtils.js] Handling GET-specific logic","timestamp":"2025-09-30 09:09:28"}
{"level":"info","message":"[dbUtils.js] Query executed, rows fetched: 1","timestamp":"2025-09-30 09:09:28"}
{"level":"info","message":"Performance measurement for database_query","performance":{"duration":103.428468,"method":"GET","operation":"database_query","rowCount":1,"success":true},"timestamp":"2025-09-30 09:09:28"}
{"level":"debug","message":"[dbUtils.js] Connection released","timestamp":"2025-09-30 09:09:28"}
{"level":"debug","message":"[dbUtils.js] Executing GET query: ********","timestamp":"2025-09-30 09:09:28"}
{"level":"debug","message":"[dbUtils.js] Handling GET-specific logic","timestamp":"2025-09-30 09:09:28"}
{"level":"info","message":"Performance measurement for database_query","performance":{"duration":356.155994,"method":"POST","operation":"database_query","rowCount":2,"success":true},"timestamp":"2025-09-30 09:09:28"}
{"level":"debug","message":"[dbUtils.js] Connection released","timestamp":"2025-09-30 09:09:28"}
{"level":"debug","message":"[dbUtils.js] Executing GET query: ********","timestamp":"2025-09-30 09:09:28"}
{"level":"debug","message":"[dbUtils.js] Handling GET-specific logic","timestamp":"2025-09-30 09:09:28"}
{"level":"info","message":"[dbUtils.js] Query executed, rows fetched: 1","timestamp":"2025-09-30 09:09:28"}
{"level":"info","message":"Performance measurement for database_query","performance":{"duration":99.272705,"method":"GET","operation":"database_query","rowCount":1,"success":true},"timestamp":"2025-09-30 09:09:28"}
{"level":"debug","message":"[dbUtils.js] Connection released","timestamp":"2025-09-30 09:09:28"}
{"level":"debug","message":"[dbUtils.js] Executing GET query: ********","timestamp":"2025-09-30 09:09:28"}
{"level":"debug","message":"[dbUtils.js] Handling GET-specific logic","timestamp":"2025-09-30 09:09:28"}
{"level":"info","message":"[dbUtils.js] Query executed, rows fetched: 4","timestamp":"2025-09-30 09:09:29"}
{"level":"info","message":"Performance measurement for database_query","performance":{"duration":203.446828,"method":"GET","operation":"database_query","rowCount":4,"success":true},"timestamp":"2025-09-30 09:09:29"}
{"level":"debug","message":"[dbUtils.js] Connection released","timestamp":"2025-09-30 09:09:29"}
{"level":"debug","message":"[triggersRetriever.js] Found 4 triggers for xref_id: 44","timestamp":"2025-09-30 09:09:29"}
{"level":"info","message":"[dbUtils.js] Query executed, rows fetched: 4","timestamp":"2025-09-30 09:09:29"}
{"level":"info","message":"Performance measurement for database_query","performance":{"duration":174.306831,"method":"GET","operation":"database_query","rowCount":4,"success":true},"timestamp":"2025-09-30 09:09:29"}
{"level":"debug","message":"[dbUtils.js] Connection released","timestamp":"2025-09-30 09:09:29"}
{"level":"debug","message":"[propsRetriever.js] Found 4 props for xref_id: 44","timestamp":"2025-09-30 09:09:29"}
{"level":"debug","message":"[database-genPageConfig.js] Enhanced selectLoginApp: 4 props, 2 trigger classes","timestamp":"2025-09-30 09:09:29"}
{"level":"debug","message":"[database-genPageConfig.js] Expanding grid selectLoginApp with 2 columns into component tree","timestamp":"2025-09-30 09:09:29"}
{"level":"debug","message":"[database-genPageConfig.js] Expanding form LoginForm with 2 fields into component tree","timestamp":"2025-09-30 09:09:29"}
{"level":"debug","message":"[database-genPageConfig.js] Saved pageConfig.json to /home/paul/wf-monorepo-new/apps/wf-studio/src/preview/wf-login/loginPage/pageConfig.json","timestamp":"2025-09-30 09:09:29"}
{"level":"debug","message":"[database-genPageConfig.js] Saved pageMermaid.mmd to /home/paul/wf-monorepo-new/apps/wf-studio/src/preview/wf-login/loginPage/pageMermaid.mmd","timestamp":"2025-09-30 09:09:29"}
{"level":"debug","message":"[database-genPageConfig.js] Saved index.jsx to /home/paul/wf-monorepo-new/apps/wf-studio/src/preview/wf-login/loginPage/index.jsx","timestamp":"2025-09-30 09:09:29"}
{"level":"info","message":"[genPageConfigController.js] PageConfig generated successfully for pageID: 49","timestamp":"2025-09-30 09:09:29"}
{"level":"info","message":"[app.js]  Response: POST /api/genPageConfig 200 (3611ms)","timestamp":"2025-09-30 09:09:29"}
{"level":"info","message":"Performance measurement for http_request","performance":{"duration":3611.113537,"method":"POST","operation":"http_request","path":"/api/genPageConfig","status":200},"timestamp":"2025-09-30 09:09:29"}
{"level":"info","message":"[app.js]  Application initialized","timestamp":"2025-09-30 09:09:58"}
{"level":"info","message":"[dbManager.js] Database connection test successful","timestamp":"2025-09-30 09:09:58"}
{"level":"info","message":"[server.js] Initializing routes","timestamp":"2025-09-30 09:09:58"}
{"level":"debug","message":"[index.js]  Initializing routes","timestamp":"2025-09-30 09:09:58"}
{"level":"info","message":"[registerRoutes.js] Started registering routes","timestamp":"2025-09-30 09:09:58"}
{"0":"POST /api/execEventType","1":"GET /api/eventType/:xrefId","10":"POST /api/genPageConfig","11":"POST /api/initialize","12":"GET /api/util/list-routes","13":"POST /api/util/restart-server","14":"POST /api/auth/login","2":"POST /api/execDML","3":"POST /api/execCreateDoc","4":"GET /api/getDoc","5":"POST /api/studio/genFields","6":"GET /api/getVal","7":"POST /api/setVals","8":"POST /api/clearVals","9":"GET /api/studio/genPageConfig","level":"info","message":"[registerRoutes.js] Routes registered:","timestamp":"2025-09-30 09:09:58"}
{"level":"info","message":"[registerRoutes.js] Routes setup complete","timestamp":"2025-09-30 09:09:58"}
{"level":"debug","message":"[index.js]  Routes initialized","timestamp":"2025-09-30 09:09:58"}
{"level":"info","message":"[server.js] Routes initialized","timestamp":"2025-09-30 09:09:58"}
{"level":"info","message":"[server.js] Starting server on port 3001","timestamp":"2025-09-30 09:09:58"}
{"level":"info","message":"[server.js] Server timeouts configured: keepAlive=5s, headers=6s","timestamp":"2025-09-30 09:09:58"}
{"level":"info","message":"[server.js] Server is running on http://localhost:3001","timestamp":"2025-09-30 09:09:58"}
{"body":{"pageID":49},"contentType":"application/json","level":"http","message":"[app.js]  Request","method":"POST","path":"/api/genPageConfig","timestamp":"2025-09-30 09:10:16"}
{"level":"http","message":"[genPageConfigController.js] POST /api/genPageConfig","timestamp":"2025-09-30 09:10:16"}
{"level":"debug","message":"[genPageConfigController.js] Generating pageConfig for pageID: 49","timestamp":"2025-09-30 09:10:16"}
{"level":"debug","message":"[database-genPageConfig.js] Generating pageConfig for page xref ID: 49","timestamp":"2025-09-30 09:10:16"}
{"level":"debug","message":"[dbUtils.js] Executing GET query: ********","timestamp":"2025-09-30 09:10:16"}
{"level":"debug","message":"[dbUtils.js] Handling GET-specific logic","timestamp":"2025-09-30 09:10:16"}
{"level":"info","message":"[dbUtils.js] Query executed, rows fetched: 2","timestamp":"2025-09-30 09:10:16"}
{"level":"info","message":"Performance measurement for database_query","performance":{"duration":758.834218,"method":"GET","operation":"database_query","rowCount":2,"success":true},"timestamp":"2025-09-30 09:10:16"}
{"level":"debug","message":"[dbUtils.js] Connection released","timestamp":"2025-09-30 09:10:16"}
{"level":"debug","message":"[database-genPageConfig.js] Loaded 5 components from database","timestamp":"2025-09-30 09:10:16"}
{"level":"debug","message":"[database-genPageConfig.js] Processing 5 components from database","timestamp":"2025-09-30 09:10:16"}
{"level":"debug","message":"[database-genPageConfig.js] Parsed enhancedProps for LoginForm: 3 props","timestamp":"2025-09-30 09:10:16"}
{"level":"debug","message":"[database-genPageConfig.js] Parsed enhancedProps for loginSubmit: 1 props","timestamp":"2025-09-30 09:10:16"}
{"level":"debug","message":"[database-genPageConfig.js] Parsed workflowTriggers for loginSubmit: 2 trigger classes","timestamp":"2025-09-30 09:10:16"}
{"level":"debug","message":"[database-genPageConfig.js] Parsed enhancedProps for selectLoginApp: 4 props","timestamp":"2025-09-30 09:10:16"}
{"level":"debug","message":"[database-genPageConfig.js] Parsed workflowTriggers for selectLoginApp: 2 trigger classes","timestamp":"2025-09-30 09:10:16"}
{"level":"debug","message":"[database-genPageConfig.js] Expanding grid selectLoginApp with 2 columns into component tree","timestamp":"2025-09-30 09:10:16"}
{"level":"debug","message":"[database-genPageConfig.js] Expanding form LoginForm with 2 fields into component tree","timestamp":"2025-09-30 09:10:16"}
{"level":"debug","message":"[database-genPageConfig.js] Saved pageConfig.json to /home/paul/wf-monorepo-new/apps/wf-studio/src/preview/wf-login/loginPage/pageConfig.json","timestamp":"2025-09-30 09:10:17"}
{"level":"debug","message":"[database-genPageConfig.js] Saved pageMermaid.mmd to /home/paul/wf-monorepo-new/apps/wf-studio/src/preview/wf-login/loginPage/pageMermaid.mmd","timestamp":"2025-09-30 09:10:17"}
{"level":"debug","message":"[database-genPageConfig.js] Saved index.jsx to /home/paul/wf-monorepo-new/apps/wf-studio/src/preview/wf-login/loginPage/index.jsx","timestamp":"2025-09-30 09:10:17"}
{"level":"info","message":"[genPageConfigController.js] PageConfig generated successfully for pageID: 49","timestamp":"2025-09-30 09:10:17"}
{"level":"info","message":"[app.js]  Response: POST /api/genPageConfig 200 (772ms)","timestamp":"2025-09-30 09:10:17"}
{"level":"info","message":"Performance measurement for http_request","performance":{"duration":771.967454,"method":"POST","operation":"http_request","path":"/api/genPageConfig","status":200},"timestamp":"2025-09-30 09:10:17"}
{"level":"debug","message":"[dbManager.js] Database connected: health check passed","timestamp":"2025-09-30 09:24:58"}
{"body":{"pageID":49},"contentType":"application/json","level":"http","message":"[app.js]  Request","method":"POST","path":"/api/genPageConfig","timestamp":"2025-09-30 09:35:02"}
{"level":"http","message":"[genPageConfigController.js] POST /api/genPageConfig","timestamp":"2025-09-30 09:35:02"}
{"level":"debug","message":"[genPageConfigController.js] Generating pageConfig for pageID: 49","timestamp":"2025-09-30 09:35:02"}
{"level":"debug","message":"[database-genPageConfig.js] Generating pageConfig for page xref ID: 49","timestamp":"2025-09-30 09:35:02"}
{"level":"debug","message":"[dbUtils.js] Executing GET query: ********","timestamp":"2025-09-30 09:35:02"}
{"level":"debug","message":"[dbUtils.js] Handling GET-specific logic","timestamp":"2025-09-30 09:35:02"}
{"level":"info","message":"[dbUtils.js] Query executed, rows fetched: 2","timestamp":"2025-09-30 09:35:02"}
{"level":"info","message":"Performance measurement for database_query","performance":{"duration":83.326964,"method":"GET","operation":"database_query","rowCount":2,"success":true},"timestamp":"2025-09-30 09:35:02"}
{"level":"debug","message":"[dbUtils.js] Connection released","timestamp":"2025-09-30 09:35:02"}
{"level":"debug","message":"[database-genPageConfig.js] Loaded 5 components from database","timestamp":"2025-09-30 09:35:02"}
{"level":"debug","message":"[database-genPageConfig.js] Processing 5 components from database","timestamp":"2025-09-30 09:35:02"}
{"level":"debug","message":"[database-genPageConfig.js] Parsed enhancedProps for LoginForm: 3 props","timestamp":"2025-09-30 09:35:02"}
{"level":"debug","message":"[database-genPageConfig.js] Parsed enhancedProps for loginSubmit: 1 props","timestamp":"2025-09-30 09:35:02"}
{"level":"debug","message":"[database-genPageConfig.js] Parsed workflowTriggers for loginSubmit: 2 trigger classes","timestamp":"2025-09-30 09:35:02"}
{"level":"debug","message":"[database-genPageConfig.js] Parsed enhancedProps for selectLoginApp: 4 props","timestamp":"2025-09-30 09:35:02"}
{"level":"debug","message":"[database-genPageConfig.js] Parsed workflowTriggers for selectLoginApp: 2 trigger classes","timestamp":"2025-09-30 09:35:02"}
{"level":"debug","message":"[database-genPageConfig.js] Expanding grid selectLoginApp with 2 columns into component tree","timestamp":"2025-09-30 09:35:02"}
{"level":"debug","message":"[database-genPageConfig.js] Expanding form LoginForm with 2 fields into component tree","timestamp":"2025-09-30 09:35:02"}
{"level":"debug","message":"[database-genPageConfig.js] Saved pageConfig.json to /home/paul/wf-monorepo-new/apps/wf-studio/src/preview/wf-login/loginPage/pageConfig.json","timestamp":"2025-09-30 09:35:02"}
{"level":"debug","message":"[database-genPageConfig.js] Saved pageMermaid.mmd to /home/paul/wf-monorepo-new/apps/wf-studio/src/preview/wf-login/loginPage/pageMermaid.mmd","timestamp":"2025-09-30 09:35:02"}
{"level":"debug","message":"[database-genPageConfig.js] Saved index.jsx to /home/paul/wf-monorepo-new/apps/wf-studio/src/preview/wf-login/loginPage/index.jsx","timestamp":"2025-09-30 09:35:02"}
{"level":"info","message":"[genPageConfigController.js] PageConfig generated successfully for pageID: 49","timestamp":"2025-09-30 09:35:02"}
{"level":"info","message":"[app.js]  Response: POST /api/genPageConfig 200 (98ms)","timestamp":"2025-09-30 09:35:02"}
{"level":"info","message":"[app.js]  Application initialized","timestamp":"2025-09-30 09:35:21"}
{"level":"info","message":"[dbManager.js] Database connection test successful","timestamp":"2025-09-30 09:35:22"}
{"level":"info","message":"[server.js] Initializing routes","timestamp":"2025-09-30 09:35:22"}
{"level":"debug","message":"[index.js]  Initializing routes","timestamp":"2025-09-30 09:35:22"}
{"level":"info","message":"[registerRoutes.js] Started registering routes","timestamp":"2025-09-30 09:35:22"}
{"0":"POST /api/execEventType","1":"GET /api/eventType/:xrefId","10":"POST /api/genPageConfig","11":"POST /api/initialize","12":"GET /api/util/list-routes","13":"POST /api/util/restart-server","14":"POST /api/auth/login","2":"POST /api/execDML","3":"POST /api/execCreateDoc","4":"GET /api/getDoc","5":"POST /api/studio/genFields","6":"GET /api/getVal","7":"POST /api/setVals","8":"POST /api/clearVals","9":"GET /api/studio/genPageConfig","level":"info","message":"[registerRoutes.js] Routes registered:","timestamp":"2025-09-30 09:35:22"}
{"level":"info","message":"[registerRoutes.js] Routes setup complete","timestamp":"2025-09-30 09:35:22"}
{"level":"debug","message":"[index.js]  Routes initialized","timestamp":"2025-09-30 09:35:22"}
{"level":"info","message":"[server.js] Routes initialized","timestamp":"2025-09-30 09:35:22"}
{"level":"info","message":"[server.js] Starting server on port 3001","timestamp":"2025-09-30 09:35:22"}
{"level":"info","message":"[server.js] Server timeouts configured: keepAlive=5s, headers=6s","timestamp":"2025-09-30 09:35:22"}
{"level":"info","message":"[server.js] Server is running on http://localhost:3001","timestamp":"2025-09-30 09:35:22"}
{"body":{"pageID":49},"contentType":"application/json","level":"http","message":"[app.js]  Request","method":"POST","path":"/api/genPageConfig","timestamp":"2025-09-30 09:35:39"}
{"level":"http","message":"[genPageConfigController.js] POST /api/genPageConfig","timestamp":"2025-09-30 09:35:39"}
{"level":"debug","message":"[genPageConfigController.js] Generating pageConfig for pageID: 49","timestamp":"2025-09-30 09:35:39"}
{"level":"debug","message":"[database-genPageConfig.js] Generating pageConfig for page xref ID: 49","timestamp":"2025-09-30 09:35:39"}
{"level":"debug","message":"[dbUtils.js] Executing GET query: ********","timestamp":"2025-09-30 09:35:40"}
{"level":"debug","message":"[dbUtils.js] Handling GET-specific logic","timestamp":"2025-09-30 09:35:40"}
{"level":"info","message":"[dbUtils.js] Query executed, rows fetched: 2","timestamp":"2025-09-30 09:35:41"}
{"level":"info","message":"Performance measurement for database_query","performance":{"duration":1191.792844,"method":"GET","operation":"database_query","rowCount":2,"success":true},"timestamp":"2025-09-30 09:35:41"}
{"level":"debug","message":"[dbUtils.js] Connection released","timestamp":"2025-09-30 09:35:41"}
{"level":"debug","message":"[database-genPageConfig.js] Loaded 5 components from database","timestamp":"2025-09-30 09:35:41"}
{"level":"debug","message":"[database-genPageConfig.js] Processing 5 components from database","timestamp":"2025-09-30 09:35:41"}
{"level":"debug","message":"[database-genPageConfig.js] Parsed enhancedProps for LoginForm: 3 props","timestamp":"2025-09-30 09:35:41"}
{"level":"debug","message":"[database-genPageConfig.js] Parsed enhancedProps for loginSubmit: 1 props","timestamp":"2025-09-30 09:35:41"}
{"level":"debug","message":"[database-genPageConfig.js] Parsed workflowTriggers for loginSubmit: 2 trigger classes","timestamp":"2025-09-30 09:35:41"}
{"level":"debug","message":"[database-genPageConfig.js] Parsed enhancedProps for selectLoginApp: 4 props","timestamp":"2025-09-30 09:35:41"}
{"level":"debug","message":"[database-genPageConfig.js] Parsed workflowTriggers for selectLoginApp: 2 trigger classes","timestamp":"2025-09-30 09:35:41"}
{"level":"debug","message":"[database-genPageConfig.js] Expanding grid selectLoginApp with 2 columns into component tree","timestamp":"2025-09-30 09:35:41"}
{"level":"debug","message":"[database-genPageConfig.js] Expanding form LoginForm with 2 fields into component tree","timestamp":"2025-09-30 09:35:41"}
{"level":"debug","message":"[database-genPageConfig.js] Saved pageConfig.json to /home/paul/wf-monorepo-new/apps/wf-studio/src/preview/wf-login/loginPage/pageConfig.json","timestamp":"2025-09-30 09:35:41"}
{"level":"debug","message":"[database-genPageConfig.js] Saved pageMermaid.mmd to /home/paul/wf-monorepo-new/apps/wf-studio/src/preview/wf-login/loginPage/pageMermaid.mmd","timestamp":"2025-09-30 09:35:41"}
{"level":"debug","message":"[database-genPageConfig.js] Saved index.jsx to /home/paul/wf-monorepo-new/apps/wf-studio/src/preview/wf-login/loginPage/index.jsx","timestamp":"2025-09-30 09:35:41"}
{"level":"debug","message":"[database-genPageConfig.js] No existing preview-routes.js, creating new","timestamp":"2025-09-30 09:35:41"}
{"level":"debug","message":"[database-genPageConfig.js] Updated preview-routes.js with 1 routes","timestamp":"2025-09-30 09:35:41"}
{"level":"debug","message":"[database-genPageConfig.js] Updated preview routes manifest","timestamp":"2025-09-30 09:35:41"}
{"level":"info","message":"[genPageConfigController.js] PageConfig generated successfully for pageID: 49","timestamp":"2025-09-30 09:35:41"}
{"level":"info","message":"[app.js]  Response: POST /api/genPageConfig 200 (1214ms)","timestamp":"2025-09-30 09:35:41"}
{"level":"info","message":"Performance measurement for http_request","performance":{"duration":1213.840724,"method":"POST","operation":"http_request","path":"/api/genPageConfig","status":200},"timestamp":"2025-09-30 09:35:41"}
{"level":"debug","message":"[dbManager.js] Database connected: health check passed","timestamp":"2025-09-30 09:50:21"}
{"body":{"pageID":49},"contentType":"application/json","level":"http","message":"[app.js]  Request","method":"POST","path":"/api/genPageConfig","timestamp":"2025-09-30 09:55:48"}
{"level":"http","message":"[genPageConfigController.js] POST /api/genPageConfig","timestamp":"2025-09-30 09:55:48"}
{"level":"debug","message":"[genPageConfigController.js] Generating pageConfig for pageID: 49","timestamp":"2025-09-30 09:55:48"}
{"level":"debug","message":"[database-genPageConfig.js] Generating pageConfig for page xref ID: 49","timestamp":"2025-09-30 09:55:48"}
{"level":"debug","message":"[dbUtils.js] Executing GET query: ********","timestamp":"2025-09-30 09:55:48"}
{"level":"debug","message":"[dbUtils.js] Handling GET-specific logic","timestamp":"2025-09-30 09:55:48"}
{"level":"info","message":"[dbUtils.js] Query executed, rows fetched: 2","timestamp":"2025-09-30 09:55:49"}
{"level":"info","message":"Performance measurement for database_query","performance":{"duration":48.781869,"method":"GET","operation":"database_query","rowCount":2,"success":true},"timestamp":"2025-09-30 09:55:49"}
{"level":"debug","message":"[dbUtils.js] Connection released","timestamp":"2025-09-30 09:55:49"}
{"level":"debug","message":"[database-genPageConfig.js] Loaded 5 components from database","timestamp":"2025-09-30 09:55:49"}
{"level":"debug","message":"[database-genPageConfig.js] Processing 5 components from database","timestamp":"2025-09-30 09:55:49"}
{"level":"debug","message":"[database-genPageConfig.js] Parsed enhancedProps for LoginForm: 3 props","timestamp":"2025-09-30 09:55:49"}
{"level":"debug","message":"[database-genPageConfig.js] Parsed enhancedProps for loginSubmit: 1 props","timestamp":"2025-09-30 09:55:49"}
{"level":"debug","message":"[database-genPageConfig.js] Parsed workflowTriggers for loginSubmit: 2 trigger classes","timestamp":"2025-09-30 09:55:49"}
{"level":"debug","message":"[database-genPageConfig.js] Parsed enhancedProps for selectLoginApp: 4 props","timestamp":"2025-09-30 09:55:49"}
{"level":"debug","message":"[database-genPageConfig.js] Parsed workflowTriggers for selectLoginApp: 2 trigger classes","timestamp":"2025-09-30 09:55:49"}
{"level":"debug","message":"[database-genPageConfig.js] Expanding grid selectLoginApp with 2 columns into component tree","timestamp":"2025-09-30 09:55:49"}
{"level":"debug","message":"[database-genPageConfig.js] Expanding form LoginForm with 2 fields into component tree","timestamp":"2025-09-30 09:55:49"}
{"level":"debug","message":"[database-genPageConfig.js] Saved pageConfig.json to /home/paul/wf-monorepo-new/apps/wf-studio/src/preview/wf-login/loginPage/pageConfig.json","timestamp":"2025-09-30 09:55:49"}
{"level":"debug","message":"[database-genPageConfig.js] Saved pageMermaid.mmd to /home/paul/wf-monorepo-new/apps/wf-studio/src/preview/wf-login/loginPage/pageMermaid.mmd","timestamp":"2025-09-30 09:55:49"}
{"level":"debug","message":"[database-genPageConfig.js] Saved index.jsx to /home/paul/wf-monorepo-new/apps/wf-studio/src/preview/wf-login/loginPage/index.jsx","timestamp":"2025-09-30 09:55:49"}
{"level":"debug","message":"[database-genPageConfig.js] Updated preview-routes.js with 1 routes","timestamp":"2025-09-30 09:55:49"}
{"level":"debug","message":"[database-genPageConfig.js] Updated preview routes manifest","timestamp":"2025-09-30 09:55:49"}
{"level":"info","message":"[genPageConfigController.js] PageConfig generated successfully for pageID: 49","timestamp":"2025-09-30 09:55:49"}
{"level":"info","message":"[app.js]  Response: POST /api/genPageConfig 200 (62ms)","timestamp":"2025-09-30 09:55:49"}
{"level":"debug","message":"[dbManager.js] Database connected: health check passed","timestamp":"2025-09-30 10:50:21"}
{"level":"debug","message":"[dbManager.js] Database connected: health check passed","timestamp":"2025-09-30 11:50:21"}
{"body":{"pageID":49},"contentType":"application/json","level":"http","message":"[app.js]  Request","method":"POST","path":"/api/genPageConfig","timestamp":"2025-09-30 11:50:38"}
{"level":"http","message":"[genPageConfigController.js] POST /api/genPageConfig","timestamp":"2025-09-30 11:50:38"}
{"level":"debug","message":"[genPageConfigController.js] Generating pageConfig for pageID: 49","timestamp":"2025-09-30 11:50:38"}
{"level":"debug","message":"[database-genPageConfig.js] Generating pageConfig for page xref ID: 49","timestamp":"2025-09-30 11:50:38"}
{"level":"debug","message":"[dbUtils.js] Executing GET query: ********","timestamp":"2025-09-30 11:50:38"}
{"level":"debug","message":"[dbUtils.js] Handling GET-specific logic","timestamp":"2025-09-30 11:50:38"}
{"level":"info","message":"[dbUtils.js] Query executed, rows fetched: 2","timestamp":"2025-09-30 11:50:38"}
{"level":"info","message":"Performance measurement for database_query","performance":{"duration":149.252284,"method":"GET","operation":"database_query","rowCount":2,"success":true},"timestamp":"2025-09-30 11:50:38"}
{"level":"debug","message":"[dbUtils.js] Connection released","timestamp":"2025-09-30 11:50:38"}
{"level":"debug","message":"[database-genPageConfig.js] Loaded 5 components from database","timestamp":"2025-09-30 11:50:38"}
{"level":"debug","message":"[database-genPageConfig.js] Processing 5 components from database","timestamp":"2025-09-30 11:50:38"}
{"level":"debug","message":"[database-genPageConfig.js] Parsed enhancedProps for LoginForm: 3 props","timestamp":"2025-09-30 11:50:38"}
{"level":"debug","message":"[database-genPageConfig.js] Parsed enhancedProps for loginSubmit: 1 props","timestamp":"2025-09-30 11:50:38"}
{"level":"debug","message":"[database-genPageConfig.js] Parsed workflowTriggers for loginSubmit: 2 trigger classes","timestamp":"2025-09-30 11:50:38"}
{"level":"debug","message":"[database-genPageConfig.js] Parsed enhancedProps for selectLoginApp: 4 props","timestamp":"2025-09-30 11:50:38"}
{"level":"debug","message":"[database-genPageConfig.js] Parsed workflowTriggers for selectLoginApp: 2 trigger classes","timestamp":"2025-09-30 11:50:38"}
{"level":"debug","message":"[database-genPageConfig.js] Expanding grid selectLoginApp with 2 columns into component tree","timestamp":"2025-09-30 11:50:38"}
{"level":"debug","message":"[database-genPageConfig.js] Expanding form LoginForm with 2 fields into component tree","timestamp":"2025-09-30 11:50:38"}
{"level":"debug","message":"[database-genPageConfig.js] Saved pageConfig.json to /home/paul/wf-monorepo-new/apps/wf-studio/src/preview/wf-login/loginPage/pageConfig.json","timestamp":"2025-09-30 11:50:38"}
{"level":"debug","message":"[database-genPageConfig.js] Saved pageMermaid.mmd to /home/paul/wf-monorepo-new/apps/wf-studio/src/preview/wf-login/loginPage/pageMermaid.mmd","timestamp":"2025-09-30 11:50:38"}
{"level":"debug","message":"[database-genPageConfig.js] Saved index.jsx to /home/paul/wf-monorepo-new/apps/wf-studio/src/preview/wf-login/loginPage/index.jsx","timestamp":"2025-09-30 11:50:38"}
{"level":"debug","message":"[database-genPageConfig.js] Updated preview-routes.js with 1 routes","timestamp":"2025-09-30 11:50:38"}
{"level":"debug","message":"[database-genPageConfig.js] Updated preview routes manifest","timestamp":"2025-09-30 11:50:38"}
{"level":"info","message":"[genPageConfigController.js] PageConfig generated successfully for pageID: 49","timestamp":"2025-09-30 11:50:38"}
{"level":"info","message":"[app.js]  Response: POST /api/genPageConfig 200 (164ms)","timestamp":"2025-09-30 11:50:38"}
{"level":"info","message":"[app.js]  Application initialized","timestamp":"2025-09-30 17:09:27"}
{"level":"info","message":"[dbManager.js] Database connection test successful","timestamp":"2025-09-30 17:09:27"}
{"level":"info","message":"[server.js] Initializing routes","timestamp":"2025-09-30 17:09:27"}
{"level":"debug","message":"[index.js]  Initializing routes","timestamp":"2025-09-30 17:09:27"}
{"level":"info","message":"[registerRoutes.js] Started registering routes","timestamp":"2025-09-30 17:09:27"}
{"0":"POST /api/execEventType","1":"GET /api/eventType/:xrefId","10":"POST /api/genPageConfig","11":"POST /api/initialize","12":"GET /api/util/list-routes","13":"POST /api/util/restart-server","14":"POST /api/auth/login","2":"POST /api/execDML","3":"POST /api/execCreateDoc","4":"GET /api/getDoc","5":"POST /api/studio/genFields","6":"GET /api/getVal","7":"POST /api/setVals","8":"POST /api/clearVals","9":"GET /api/studio/genPageConfig","level":"info","message":"[registerRoutes.js] Routes registered:","timestamp":"2025-09-30 17:09:27"}
{"level":"info","message":"[registerRoutes.js] Routes setup complete","timestamp":"2025-09-30 17:09:27"}
{"level":"debug","message":"[index.js]  Routes initialized","timestamp":"2025-09-30 17:09:27"}
{"level":"info","message":"[server.js] Routes initialized","timestamp":"2025-09-30 17:09:27"}
{"level":"info","message":"[server.js] Starting server on port 3001","timestamp":"2025-09-30 17:09:27"}
{"level":"info","message":"[server.js] Server timeouts configured: keepAlive=5s, headers=6s","timestamp":"2025-09-30 17:09:27"}
{"level":"info","message":"[server.js] Server is running on http://localhost:3001","timestamp":"2025-09-30 17:09:27"}
{"level":"debug","message":"[dbManager.js] Database connected: health check passed","timestamp":"2025-09-30 17:25:08"}
{"level":"debug","message":"[dbManager.js] Database connected: health check passed","timestamp":"2025-09-30 18:27:25"}
{"level":"debug","message":"[dbManager.js] Database connected: health check passed","timestamp":"2025-09-30 19:28:08"}
