{"level":"debug","message":"[dbManager.js] Database connected: health check passed","timestamp":"2025-06-08 02:31:48"}
{"level":"info","message":"Log file rotated","newFilename":"C:\\Users\\pc790\\whatsfresh\\Projects\\wf-monorepo-new\\apps\\wf-server\\server\\logs\\application-2025-06-08.log","oldFilename":"C:\\Users\\pc790\\whatsfresh\\Projects\\wf-monorepo-new\\apps\\wf-server\\server\\logs\\application-2025-06-07.log","timestamp":"2025-06-08 02:31:48"}
{"level":"debug","message":"[dbManager.js] Database connected: health check passed","timestamp":"2025-06-08 04:06:53"}
{"level":"debug","message":"[dbManager.js] Database connected: health check passed","timestamp":"2025-06-08 07:26:35"}
{"level":"debug","message":"[dbManager.js] Database connected: health check passed","timestamp":"2025-06-08 08:26:35"}
{"level":"debug","message":"[dbManager.js] Database connected: health check passed","timestamp":"2025-06-08 09:26:35"}
{"level":"debug","message":"[dbManager.js] Database connected: health check passed","timestamp":"2025-06-08 10:26:35"}
{"level":"debug","message":"[dbManager.js] Database connected: health check passed","timestamp":"2025-06-08 11:26:35"}
{"level":"debug","message":"[dbManager.js] Database connected: health check passed","timestamp":"2025-06-08 12:26:35"}
{"level":"debug","message":"[dbManager.js] Database connected: health check passed","timestamp":"2025-06-08 13:26:35"}
{"level":"debug","message":"[dbManager.js] Database connected: health check passed","timestamp":"2025-06-08 14:26:35"}
{"level":"debug","message":"[dbManager.js] Database connected: health check passed","timestamp":"2025-06-08 15:26:35"}
{"level":"info","message":"[app.js]  Application initialized","timestamp":"2025-06-08 16:58:58"}
{"level":"info","message":"[dbManager.js] Database connection test successful","timestamp":"2025-06-08 16:58:58"}
{"level":"info","message":"[server.js] Initializing routes","timestamp":"2025-06-08 16:58:58"}
{"level":"debug","message":"[index.js]  Initializing routes","timestamp":"2025-06-08 16:58:58"}
{"level":"info","message":"[registerRoutes.js] Started registering routes","timestamp":"2025-06-08 16:58:58"}
{"0":"POST /api/execEventType","1":"POST /api/initialize","2":"GET /api/util/list-routes","3":"POST /api/util/restart-server","4":"GET /api/util/fetchEventTypes","5":"POST /api/auth/login","6":"GET /api/util/event-types-status","level":"info","message":"[registerRoutes.js] Routes registered:","timestamp":"2025-06-08 16:58:58"}
{"level":"info","message":"[registerRoutes.js] Routes setup complete","timestamp":"2025-06-08 16:58:58"}
{"level":"debug","message":"[index.js]  Routes initialized","timestamp":"2025-06-08 16:58:58"}
{"level":"info","message":"[server.js] Routes initialized","timestamp":"2025-06-08 16:58:58"}
{"count":21,"level":"info","message":"[fetchApiColumns.js] API columns loaded from database","timestamp":"2025-06-08 16:58:59"}
{"level":"info","message":"[fetchApiColumns.js] apiColumns.js file generated successfully","timestamp":"2025-06-08 16:58:59"}
{"level":"info","message":"[server.js] Starting server on port 3001","timestamp":"2025-06-08 16:58:59"}
{"level":"info","message":"[server.js] Server timeouts configured: keepAlive=5s, headers=6s","timestamp":"2025-06-08 16:58:59"}
{"level":"info","message":"[server.js] Server is running on http://localhost:3001","timestamp":"2025-06-08 16:58:59"}
{"contentType":"application/json","eventType":"userLogin","level":"http","message":"[app.js]  Request","method":"POST","path":"/api/execEventType","timestamp":"2025-06-08 16:59:18"}
{"level":"http","message":"[execEventType.js] POST /api/execEventType","timestamp":"2025-06-08 16:59:18"}
{":enteredPassword":"********",":userEmail":"pc7900@gmail.com","level":"debug","message":"[execEventType.js] Event: userLogin, Params:","timestamp":"2025-06-08 16:59:18"}
{"level":"debug","message":"[execEventType.js] Executing query with method: GET","timestamp":"2025-06-08 16:59:18"}
{"level":"debug","message":"[queryResolver.js] Original query:","params":{":enteredPassword":"********",":userEmail":"pc7900@gmail.com"},"qrySQL":"\n      SELECT *, :enteredPassword\n      FROM api_wf.userList\n      WHERE userEmail = :userEmail\n    ","timestamp":"2025-06-08 16:59:18"}
{"level":"debug","message":"[dbUtils.js] Executing GET query: ********","timestamp":"2025-06-08 16:59:19"}
{"level":"debug","message":"[dbUtils.js] Handling GET-specific logic","timestamp":"2025-06-08 16:59:19"}
{"level":"info","message":"[dbUtils.js] Query executed, rows fetched: 1","timestamp":"2025-06-08 16:59:19"}
{"level":"info","message":"Performance measurement for database_query","performance":{"duration":948.5775,"method":"GET","operation":"database_query","rowCount":1,"success":true},"timestamp":"2025-06-08 16:59:19"}
{"level":"debug","message":"[dbUtils.js] Connection released","timestamp":"2025-06-08 16:59:19"}
{"level":"info","message":"[execEventType.js] Query executed successfully for userLogin","timestamp":"2025-06-08 16:59:19"}
{"level":"info","message":"[app.js]  Response: POST /api/execEventType 200 (962ms)","timestamp":"2025-06-08 16:59:19"}
{"level":"info","message":"Performance measurement for http_request","performance":{"duration":961.5109,"method":"POST","operation":"http_request","path":"/api/execEventType","status":200},"timestamp":"2025-06-08 16:59:19"}
{"contentType":"application/json","eventType":"userAcctList","level":"http","message":"[app.js]  Request","method":"POST","path":"/api/execEventType","timestamp":"2025-06-08 16:59:19"}
{"level":"http","message":"[execEventType.js] POST /api/execEventType","timestamp":"2025-06-08 16:59:19"}
{":userID":2,"level":"debug","message":"[execEventType.js] Event: userAcctList, Params:","timestamp":"2025-06-08 16:59:19"}
{"level":"debug","message":"[execEventType.js] Executing query with method: GET","timestamp":"2025-06-08 16:59:19"}
{"level":"debug","message":"[queryResolver.js] Original query:","params":{":userID":2},"qrySQL":"\n      SELECT *\n      FROM api_wf.userAcctList\n      WHERE userID = :userID\n      ORDER BY acctName\n    ","timestamp":"2025-06-08 16:59:19"}
{"level":"debug","message":"[dbUtils.js] Executing GET query: ********","timestamp":"2025-06-08 16:59:19"}
{"level":"debug","message":"[dbUtils.js] Handling GET-specific logic","timestamp":"2025-06-08 16:59:19"}
{"level":"info","message":"[dbUtils.js] Query executed, rows fetched: 10","timestamp":"2025-06-08 16:59:20"}
{"level":"info","message":"Performance measurement for database_query","performance":{"duration":531.5258,"method":"GET","operation":"database_query","rowCount":10,"success":true},"timestamp":"2025-06-08 16:59:20"}
{"level":"debug","message":"[dbUtils.js] Connection released","timestamp":"2025-06-08 16:59:20"}
{"level":"info","message":"[execEventType.js] Query executed successfully for userAcctList","timestamp":"2025-06-08 16:59:20"}
{"level":"info","message":"[app.js]  Response: POST /api/execEventType 200 (543ms)","timestamp":"2025-06-08 16:59:20"}
{"level":"info","message":"Performance measurement for http_request","performance":{"duration":542.6732,"method":"POST","operation":"http_request","path":"/api/execEventType","status":200},"timestamp":"2025-06-08 16:59:20"}
{"contentType":"application/json","eventType":"ingrTypeList","level":"http","message":"[app.js]  Request","method":"POST","path":"/api/execEventType","timestamp":"2025-06-08 16:59:20"}
{"level":"http","message":"[execEventType.js] POST /api/execEventType","timestamp":"2025-06-08 16:59:20"}
{":acctID":25,"level":"debug","message":"[execEventType.js] Event: ingrTypeList, Params:","timestamp":"2025-06-08 16:59:20"}
{"level":"debug","message":"[execEventType.js] Executing query with method: GET","timestamp":"2025-06-08 16:59:20"}
{"level":"debug","message":"[queryResolver.js] Original query:","params":{":acctID":25},"qrySQL":"\n      SELECT *\n      FROM api_wf.ingrTypeList\n      WHERE acctID = :acctID\n      ORDER BY ingrTypeName\n    ","timestamp":"2025-06-08 16:59:20"}
{"level":"debug","message":"[dbUtils.js] Executing GET query: ********","timestamp":"2025-06-08 16:59:20"}
{"level":"debug","message":"[dbUtils.js] Handling GET-specific logic","timestamp":"2025-06-08 16:59:20"}
{"contentType":"application/json","eventType":"wrkrList","level":"http","message":"[app.js]  Request","method":"POST","path":"/api/execEventType","timestamp":"2025-06-08 16:59:20"}
{"level":"http","message":"[execEventType.js] POST /api/execEventType","timestamp":"2025-06-08 16:59:20"}
{":acctID":25,"level":"debug","message":"[execEventType.js] Event: wrkrList, Params:","timestamp":"2025-06-08 16:59:20"}
{"level":"debug","message":"[execEventType.js] Executing query with method: GET","timestamp":"2025-06-08 16:59:20"}
{"level":"debug","message":"[queryResolver.js] Original query:","params":{":acctID":25},"qrySQL":"\n      SELECT *\n      FROM api_wf.wrkrList\n      WHERE acctID = :acctID\n      ORDER BY wrkrName\n    ","timestamp":"2025-06-08 16:59:20"}
{"contentType":"application/json","eventType":"vndrList","level":"http","message":"[app.js]  Request","method":"POST","path":"/api/execEventType","timestamp":"2025-06-08 16:59:20"}
{"level":"http","message":"[execEventType.js] POST /api/execEventType","timestamp":"2025-06-08 16:59:20"}
{":acctID":25,"level":"debug","message":"[execEventType.js] Event: vndrList, Params:","timestamp":"2025-06-08 16:59:20"}
{"level":"debug","message":"[execEventType.js] Executing query with method: GET","timestamp":"2025-06-08 16:59:20"}
{"level":"debug","message":"[queryResolver.js] Original query:","params":{":acctID":25},"qrySQL":"\n      SELECT *\n      FROM api_wf.vndrList\n      WHERE acctID = :acctID\n      ORDER BY vndrName\n    ","timestamp":"2025-06-08 16:59:20"}
{"contentType":"application/json","eventType":"brndList","level":"http","message":"[app.js]  Request","method":"POST","path":"/api/execEventType","timestamp":"2025-06-08 16:59:20"}
{"level":"http","message":"[execEventType.js] POST /api/execEventType","timestamp":"2025-06-08 16:59:20"}
{":acctID":25,"level":"debug","message":"[execEventType.js] Event: brndList, Params:","timestamp":"2025-06-08 16:59:20"}
{"level":"debug","message":"[execEventType.js] Executing query with method: GET","timestamp":"2025-06-08 16:59:20"}
{"level":"debug","message":"[queryResolver.js] Original query:","params":{":acctID":25},"qrySQL":"\n      SELECT *\n      FROM api_wf.brndList\n      WHERE acctID = :acctID\n      ORDER BY brndName\n    ","timestamp":"2025-06-08 16:59:20"}
{"contentType":"application/json","eventType":"measList","level":"http","message":"[app.js]  Request","method":"POST","path":"/api/execEventType","timestamp":"2025-06-08 16:59:20"}
{"level":"http","message":"[execEventType.js] POST /api/execEventType","timestamp":"2025-06-08 16:59:20"}
{":acctID":25,"level":"debug","message":"[execEventType.js] Event: measList, Params:","timestamp":"2025-06-08 16:59:20"}
{"level":"debug","message":"[execEventType.js] Executing query with method: GET","timestamp":"2025-06-08 16:59:20"}
{"level":"debug","message":"[queryResolver.js] Original query:","params":{":acctID":25},"qrySQL":"\n      SELECT *\n      FROM api_wf.measList\n      WHERE acctID = :acctID\n      ORDER BY name\n    ","timestamp":"2025-06-08 16:59:20"}
{"contentType":"application/json","eventType":"prodTypeList","level":"http","message":"[app.js]  Request","method":"POST","path":"/api/execEventType","timestamp":"2025-06-08 16:59:20"}
{"level":"http","message":"[execEventType.js] POST /api/execEventType","timestamp":"2025-06-08 16:59:20"}
{":acctID":25,"level":"debug","message":"[execEventType.js] Event: prodTypeList, Params:","timestamp":"2025-06-08 16:59:20"}
{"level":"debug","message":"[execEventType.js] Executing query with method: GET","timestamp":"2025-06-08 16:59:20"}
{"level":"debug","message":"[queryResolver.js] Original query:","params":{":acctID":25},"qrySQL":"\n      SELECT *\n      FROM api_wf.prodTypeList\n      WHERE acctID = :acctID\n      ORDER BY prodTypeName\n    ","timestamp":"2025-06-08 16:59:20"}
{"level":"info","message":"[dbUtils.js] Query executed, rows fetched: 4","timestamp":"2025-06-08 16:59:20"}
{"level":"info","message":"Performance measurement for database_query","performance":{"duration":87.3151,"method":"GET","operation":"database_query","rowCount":4,"success":true},"timestamp":"2025-06-08 16:59:20"}
{"level":"debug","message":"[dbUtils.js] Connection released","timestamp":"2025-06-08 16:59:20"}
{"level":"info","message":"[execEventType.js] Query executed successfully for ingrTypeList","timestamp":"2025-06-08 16:59:20"}
{"level":"info","message":"[app.js]  Response: POST /api/execEventType 200 (96ms)","timestamp":"2025-06-08 16:59:20"}
{"level":"debug","message":"[dbUtils.js] Executing GET query: ********","timestamp":"2025-06-08 16:59:20"}
{"level":"debug","message":"[dbUtils.js] Handling GET-specific logic","timestamp":"2025-06-08 16:59:20"}
{"level":"debug","message":"[dbUtils.js] Executing GET query: ********","timestamp":"2025-06-08 16:59:20"}
{"level":"debug","message":"[dbUtils.js] Handling GET-specific logic","timestamp":"2025-06-08 16:59:20"}
{"level":"debug","message":"[dbUtils.js] Executing GET query: ********","timestamp":"2025-06-08 16:59:20"}
{"level":"debug","message":"[dbUtils.js] Handling GET-specific logic","timestamp":"2025-06-08 16:59:20"}
{"level":"debug","message":"[dbUtils.js] Executing GET query: ********","timestamp":"2025-06-08 16:59:20"}
{"level":"debug","message":"[dbUtils.js] Handling GET-specific logic","timestamp":"2025-06-08 16:59:20"}
{"level":"debug","message":"[dbUtils.js] Executing GET query: ********","timestamp":"2025-06-08 16:59:20"}
{"level":"debug","message":"[dbUtils.js] Handling GET-specific logic","timestamp":"2025-06-08 16:59:20"}
{"level":"info","message":"[dbUtils.js] Query executed, rows fetched: 1","timestamp":"2025-06-08 16:59:20"}
{"level":"info","message":"Performance measurement for database_query","performance":{"duration":242.6032,"method":"GET","operation":"database_query","rowCount":1,"success":true},"timestamp":"2025-06-08 16:59:20"}
{"level":"debug","message":"[dbUtils.js] Connection released","timestamp":"2025-06-08 16:59:20"}
{"level":"info","message":"[execEventType.js] Query executed successfully for vndrList","timestamp":"2025-06-08 16:59:20"}
{"level":"info","message":"[app.js]  Response: POST /api/execEventType 200 (251ms)","timestamp":"2025-06-08 16:59:20"}
{"level":"info","message":"[dbUtils.js] Query executed, rows fetched: 2","timestamp":"2025-06-08 16:59:20"}
{"level":"info","message":"Performance measurement for database_query","performance":{"duration":261.2151,"method":"GET","operation":"database_query","rowCount":2,"success":true},"timestamp":"2025-06-08 16:59:20"}
{"level":"debug","message":"[dbUtils.js] Connection released","timestamp":"2025-06-08 16:59:20"}
{"level":"info","message":"[execEventType.js] Query executed successfully for wrkrList","timestamp":"2025-06-08 16:59:20"}
{"level":"info","message":"[app.js]  Response: POST /api/execEventType 200 (268ms)","timestamp":"2025-06-08 16:59:20"}
{"level":"info","message":"[dbUtils.js] Query executed, rows fetched: 2","timestamp":"2025-06-08 16:59:20"}
{"level":"info","message":"Performance measurement for database_query","performance":{"duration":257.6318,"method":"GET","operation":"database_query","rowCount":2,"success":true},"timestamp":"2025-06-08 16:59:20"}
{"level":"debug","message":"[dbUtils.js] Connection released","timestamp":"2025-06-08 16:59:20"}
{"level":"info","message":"[execEventType.js] Query executed successfully for brndList","timestamp":"2025-06-08 16:59:20"}
{"level":"info","message":"[app.js]  Response: POST /api/execEventType 200 (264ms)","timestamp":"2025-06-08 16:59:20"}
{"level":"info","message":"[dbUtils.js] Query executed, rows fetched: 6","timestamp":"2025-06-08 16:59:20"}
{"level":"info","message":"Performance measurement for database_query","performance":{"duration":258.3217,"method":"GET","operation":"database_query","rowCount":6,"success":true},"timestamp":"2025-06-08 16:59:20"}
{"level":"debug","message":"[dbUtils.js] Connection released","timestamp":"2025-06-08 16:59:20"}
{"level":"info","message":"[execEventType.js] Query executed successfully for measList","timestamp":"2025-06-08 16:59:20"}
{"level":"info","message":"[app.js]  Response: POST /api/execEventType 200 (265ms)","timestamp":"2025-06-08 16:59:20"}
{"level":"info","message":"[dbUtils.js] Query executed, rows fetched: 3","timestamp":"2025-06-08 16:59:20"}
{"level":"info","message":"Performance measurement for database_query","performance":{"duration":266.9214,"method":"GET","operation":"database_query","rowCount":3,"success":true},"timestamp":"2025-06-08 16:59:20"}
{"level":"debug","message":"[dbUtils.js] Connection released","timestamp":"2025-06-08 16:59:20"}
{"level":"info","message":"[execEventType.js] Query executed successfully for prodTypeList","timestamp":"2025-06-08 16:59:20"}
{"level":"info","message":"[app.js]  Response: POST /api/execEventType 200 (272ms)","timestamp":"2025-06-08 16:59:20"}
{"level":"debug","message":"[dbManager.js] Database connected: health check passed","timestamp":"2025-06-08 17:13:58"}
{"level":"debug","message":"[dbManager.js] Database connected: health check passed","timestamp":"2025-06-08 18:52:58"}
{"level":"debug","message":"[dbManager.js] Database connected: health check passed","timestamp":"2025-06-08 19:55:54"}
{"level":"debug","message":"[dbManager.js] Database connected: health check passed","timestamp":"2025-06-08 23:56:33"}
