{"level":"info","message":"[app.js]  Application initialized","timestamp":"2025-07-02 07:44:16"}
{"level":"info","message":"[dbManager.js] Database connection test successful","timestamp":"2025-07-02 07:44:17"}
{"level":"info","message":"[server.js] Initializing routes","timestamp":"2025-07-02 07:44:17"}
{"level":"debug","message":"[index.js]  Initializing routes","timestamp":"2025-07-02 07:44:17"}
{"level":"info","message":"[registerRoutes.js] Started registering routes","timestamp":"2025-07-02 07:44:17"}
{"0":"POST /api/execEventType","1":"POST /api/initialize","2":"GET /api/util/list-routes","3":"POST /api/util/restart-server","4":"GET /api/util/fetchEventTypes","5":"POST /api/auth/login","6":"GET /api/util/event-types-status","level":"info","message":"[registerRoutes.js] Routes registered:","timestamp":"2025-07-02 07:44:17"}
{"level":"info","message":"[registerRoutes.js] Routes setup complete","timestamp":"2025-07-02 07:44:17"}
{"level":"debug","message":"[index.js]  Routes initialized","timestamp":"2025-07-02 07:44:17"}
{"level":"info","message":"[server.js] Routes initialized","timestamp":"2025-07-02 07:44:17"}
{"count":21,"level":"info","message":"[fetchApiColumns.js] API columns loaded from database","timestamp":"2025-07-02 07:44:17"}
{"level":"info","message":"[fetchApiColumns.js] apiColumns.js file generated successfully","timestamp":"2025-07-02 07:44:17"}
{"level":"info","message":"[server.js] Starting server on port 3001","timestamp":"2025-07-02 07:44:17"}
{"level":"info","message":"[server.js] Server timeouts configured: keepAlive=5s, headers=6s","timestamp":"2025-07-02 07:44:17"}
{"level":"info","message":"[server.js] Server is running on http://localhost:3001","timestamp":"2025-07-02 07:44:17"}
{"level":"debug","message":"[dbManager.js] Database connected: health check passed","timestamp":"2025-07-02 07:59:16"}
{"level":"info","message":"[app.js]  Application initialized","timestamp":"2025-07-02 09:41:47"}
{"level":"info","message":"[dbManager.js] Database connection test successful","timestamp":"2025-07-02 09:41:47"}
{"level":"info","message":"[server.js] Initializing routes","timestamp":"2025-07-02 09:41:47"}
{"level":"debug","message":"[index.js]  Initializing routes","timestamp":"2025-07-02 09:41:47"}
{"level":"info","message":"[registerRoutes.js] Started registering routes","timestamp":"2025-07-02 09:41:47"}
{"0":"POST /api/execEventType","1":"POST /api/initialize","2":"GET /api/util/list-routes","3":"POST /api/util/restart-server","4":"GET /api/util/fetchEventTypes","5":"POST /api/auth/login","6":"GET /api/util/event-types-status","level":"info","message":"[registerRoutes.js] Routes registered:","timestamp":"2025-07-02 09:41:47"}
{"level":"info","message":"[registerRoutes.js] Routes setup complete","timestamp":"2025-07-02 09:41:47"}
{"level":"debug","message":"[index.js]  Routes initialized","timestamp":"2025-07-02 09:41:47"}
{"level":"info","message":"[server.js] Routes initialized","timestamp":"2025-07-02 09:41:47"}
{"count":21,"level":"info","message":"[fetchApiColumns.js] API columns loaded from database","timestamp":"2025-07-02 09:41:47"}
{"level":"info","message":"[fetchApiColumns.js] apiColumns.js file generated successfully","timestamp":"2025-07-02 09:41:47"}
{"level":"info","message":"[server.js] Starting server on port 3001","timestamp":"2025-07-02 09:41:47"}
{"level":"info","message":"[server.js] Server timeouts configured: keepAlive=5s, headers=6s","timestamp":"2025-07-02 09:41:47"}
{"level":"info","message":"[server.js] Server is running on http://localhost:3001","timestamp":"2025-07-02 09:41:47"}
{"level":"debug","message":"[dbManager.js] Database connected: health check passed","timestamp":"2025-07-02 09:57:03"}
{"level":"debug","message":"[dbManager.js] Database connected: health check passed","timestamp":"2025-07-02 10:58:01"}
{"level":"info","message":"[app.js]  Application initialized","timestamp":"2025-07-02 20:27:14"}
{"level":"info","message":"[dbManager.js] Database connection test successful","timestamp":"2025-07-02 20:27:14"}
{"level":"info","message":"[server.js] Initializing routes","timestamp":"2025-07-02 20:27:14"}
{"level":"debug","message":"[index.js]  Initializing routes","timestamp":"2025-07-02 20:27:14"}
{"level":"info","message":"[registerRoutes.js] Started registering routes","timestamp":"2025-07-02 20:27:14"}
{"0":"POST /api/execEventType","1":"POST /api/initialize","2":"GET /api/util/list-routes","3":"POST /api/util/restart-server","4":"GET /api/util/fetchEventTypes","5":"POST /api/auth/login","6":"GET /api/util/event-types-status","level":"info","message":"[registerRoutes.js] Routes registered:","timestamp":"2025-07-02 20:27:14"}
{"level":"info","message":"[registerRoutes.js] Routes setup complete","timestamp":"2025-07-02 20:27:14"}
{"level":"debug","message":"[index.js]  Routes initialized","timestamp":"2025-07-02 20:27:14"}
{"level":"info","message":"[server.js] Routes initialized","timestamp":"2025-07-02 20:27:14"}
{"level":"info","message":"[server.js] Starting server on port 3001","timestamp":"2025-07-02 20:27:14"}
{"level":"info","message":"[server.js] Server timeouts configured: keepAlive=5s, headers=6s","timestamp":"2025-07-02 20:27:14"}
{"level":"info","message":"[server.js] Server is running on http://localhost:3001","timestamp":"2025-07-02 20:27:14"}
{"level":"debug","message":"[dbManager.js] Database connected: health check passed","timestamp":"2025-07-02 20:42:14"}
{"level":"debug","message":"[dbManager.js] Database connected: health check passed","timestamp":"2025-07-02 21:42:15"}
{"level":"debug","message":"[dbManager.js] Database connected: health check passed","timestamp":"2025-07-02 22:42:16"}
{"level":"info","message":"[server.js] SIGTERM received, shutting down gracefully","timestamp":"2025-07-02 22:52:15"}
{"level":"info","message":"[app.js]  Application initialized","timestamp":"2025-07-02 22:53:43"}
{"level":"info","message":"[dbManager.js] Database connection test successful","timestamp":"2025-07-02 22:53:43"}
{"level":"info","message":"[server.js] Initializing routes","timestamp":"2025-07-02 22:53:43"}
{"level":"debug","message":"[index.js]  Initializing routes","timestamp":"2025-07-02 22:53:43"}
{"level":"info","message":"[registerRoutes.js] Started registering routes","timestamp":"2025-07-02 22:53:43"}
{"0":"POST /api/execEventType","1":"POST /api/initialize","2":"GET /api/util/list-routes","3":"POST /api/util/restart-server","4":"GET /api/util/fetchEventTypes","5":"POST /api/auth/login","6":"GET /api/util/event-types-status","level":"info","message":"[registerRoutes.js] Routes registered:","timestamp":"2025-07-02 22:53:43"}
{"level":"info","message":"[registerRoutes.js] Routes setup complete","timestamp":"2025-07-02 22:53:43"}
{"level":"debug","message":"[index.js]  Routes initialized","timestamp":"2025-07-02 22:53:43"}
{"level":"info","message":"[server.js] Routes initialized","timestamp":"2025-07-02 22:53:43"}
{"level":"info","message":"[server.js] Starting server on port 3001","timestamp":"2025-07-02 22:53:43"}
{"level":"info","message":"[server.js] Server timeouts configured: keepAlive=5s, headers=6s","timestamp":"2025-07-02 22:53:43"}
{"level":"info","message":"[server.js] Server is running on http://localhost:3001","timestamp":"2025-07-02 22:53:43"}
{"level":"info","message":"[server.js] SIGTERM received, shutting down gracefully","timestamp":"2025-07-02 22:56:51"}
{"level":"info","message":"[app.js]  Application initialized","timestamp":"2025-07-02 22:57:08"}
{"level":"info","message":"[dbManager.js] Database connection test successful","timestamp":"2025-07-02 22:57:08"}
{"level":"info","message":"[server.js] Initializing routes","timestamp":"2025-07-02 22:57:08"}
{"level":"debug","message":"[index.js]  Initializing routes","timestamp":"2025-07-02 22:57:08"}
{"level":"info","message":"[registerRoutes.js] Started registering routes","timestamp":"2025-07-02 22:57:08"}
{"0":"POST /api/execEventType","1":"POST /api/initialize","2":"GET /api/util/list-routes","3":"POST /api/util/restart-server","4":"GET /api/util/fetchEventTypes","5":"POST /api/auth/login","6":"GET /api/util/event-types-status","level":"info","message":"[registerRoutes.js] Routes registered:","timestamp":"2025-07-02 22:57:08"}
{"level":"info","message":"[registerRoutes.js] Routes setup complete","timestamp":"2025-07-02 22:57:08"}
{"level":"debug","message":"[index.js]  Routes initialized","timestamp":"2025-07-02 22:57:08"}
{"level":"info","message":"[server.js] Routes initialized","timestamp":"2025-07-02 22:57:08"}
{"level":"info","message":"[server.js] Starting server on port 3001","timestamp":"2025-07-02 22:57:08"}
{"level":"info","message":"[server.js] Server timeouts configured: keepAlive=5s, headers=6s","timestamp":"2025-07-02 22:57:08"}
{"level":"info","message":"[server.js] Server is running on http://localhost:3001","timestamp":"2025-07-02 22:57:08"}
{"level":"info","message":"[server.js] SIGTERM received, shutting down gracefully","timestamp":"2025-07-02 23:04:16"}
{"level":"info","message":"[app.js]  Application initialized","timestamp":"2025-07-02 23:04:21"}
{"level":"info","message":"[dbManager.js] Database connection test successful","timestamp":"2025-07-02 23:04:21"}
{"level":"info","message":"[server.js] Initializing routes","timestamp":"2025-07-02 23:04:21"}
{"level":"debug","message":"[index.js]  Initializing routes","timestamp":"2025-07-02 23:04:21"}
{"level":"info","message":"[registerRoutes.js] Started registering routes","timestamp":"2025-07-02 23:04:21"}
{"0":"POST /api/execEventType","1":"POST /api/initialize","2":"GET /api/util/list-routes","3":"POST /api/util/restart-server","4":"GET /api/util/fetchEventTypes","5":"POST /api/auth/login","6":"GET /api/util/event-types-status","level":"info","message":"[registerRoutes.js] Routes registered:","timestamp":"2025-07-02 23:04:21"}
{"level":"info","message":"[registerRoutes.js] Routes setup complete","timestamp":"2025-07-02 23:04:21"}
{"level":"debug","message":"[index.js]  Routes initialized","timestamp":"2025-07-02 23:04:21"}
{"level":"info","message":"[server.js] Routes initialized","timestamp":"2025-07-02 23:04:21"}
{"level":"info","message":"[server.js] Starting server on port 3001","timestamp":"2025-07-02 23:04:21"}
{"level":"info","message":"[server.js] Server timeouts configured: keepAlive=5s, headers=6s","timestamp":"2025-07-02 23:04:21"}
{"level":"info","message":"[server.js] Server is running on http://localhost:3001","timestamp":"2025-07-02 23:04:21"}
{"level":"info","message":"[server.js] SIGTERM received, shutting down gracefully","timestamp":"2025-07-02 23:13:30"}
{"level":"info","message":"[app.js]  Application initialized","timestamp":"2025-07-02 23:13:35"}
{"level":"info","message":"[dbManager.js] Database connection test successful","timestamp":"2025-07-02 23:13:35"}
{"level":"info","message":"[server.js] Initializing routes","timestamp":"2025-07-02 23:13:35"}
{"level":"debug","message":"[index.js]  Initializing routes","timestamp":"2025-07-02 23:13:35"}
{"level":"info","message":"[registerRoutes.js] Started registering routes","timestamp":"2025-07-02 23:13:35"}
{"0":"POST /api/execEventType","1":"POST /api/initialize","2":"GET /api/util/list-routes","3":"POST /api/util/restart-server","4":"GET /api/util/fetchEventTypes","5":"POST /api/auth/login","6":"GET /api/util/event-types-status","level":"info","message":"[registerRoutes.js] Routes registered:","timestamp":"2025-07-02 23:13:35"}
{"level":"info","message":"[registerRoutes.js] Routes setup complete","timestamp":"2025-07-02 23:13:35"}
{"level":"debug","message":"[index.js]  Routes initialized","timestamp":"2025-07-02 23:13:35"}
{"level":"info","message":"[server.js] Routes initialized","timestamp":"2025-07-02 23:13:35"}
{"level":"info","message":"[server.js] Starting server on port 3001","timestamp":"2025-07-02 23:13:35"}
{"level":"info","message":"[server.js] Server timeouts configured: keepAlive=5s, headers=6s","timestamp":"2025-07-02 23:13:35"}
{"level":"info","message":"[server.js] Server is running on http://localhost:3001","timestamp":"2025-07-02 23:13:35"}
{"level":"info","message":"[server.js] SIGTERM received, shutting down gracefully","timestamp":"2025-07-02 23:14:04"}
{"level":"info","message":"[app.js]  Application initialized","timestamp":"2025-07-02 23:14:21"}
{"level":"info","message":"[dbManager.js] Database connection test successful","timestamp":"2025-07-02 23:14:22"}
{"level":"info","message":"[server.js] Initializing routes","timestamp":"2025-07-02 23:14:22"}
{"level":"debug","message":"[index.js]  Initializing routes","timestamp":"2025-07-02 23:14:22"}
{"level":"info","message":"[registerRoutes.js] Started registering routes","timestamp":"2025-07-02 23:14:22"}
{"0":"POST /api/execEventType","1":"POST /api/initialize","2":"GET /api/util/list-routes","3":"POST /api/util/restart-server","4":"GET /api/util/fetchEventTypes","5":"POST /api/auth/login","6":"GET /api/util/event-types-status","level":"info","message":"[registerRoutes.js] Routes registered:","timestamp":"2025-07-02 23:14:22"}
{"level":"info","message":"[registerRoutes.js] Routes setup complete","timestamp":"2025-07-02 23:14:22"}
{"level":"debug","message":"[index.js]  Routes initialized","timestamp":"2025-07-02 23:14:22"}
{"level":"info","message":"[server.js] Routes initialized","timestamp":"2025-07-02 23:14:22"}
{"level":"info","message":"[server.js] Starting server on port 3001","timestamp":"2025-07-02 23:14:22"}
{"level":"info","message":"[server.js] Server timeouts configured: keepAlive=5s, headers=6s","timestamp":"2025-07-02 23:14:22"}
{"level":"info","message":"[server.js] Server is running on http://localhost:3001","timestamp":"2025-07-02 23:14:22"}
{"level":"debug","message":"[dbManager.js] Database connected: health check passed","timestamp":"2025-07-02 23:29:22"}
